Time,Jitter,PacketLoss
0.02,0.00,1536
0.05,0.00,61694
0.08,0.00,63229
0.12,0.01,61692
0.15,0.01,61947
0.18,0.01,2299
0.21,0.01,58361
0.24,0.01,62456
0.27,0.02,64503
0.31,0.02,1783
0.34,0.02,4086
0.37,0.02,245
0.40,0.02,500
0.43,0.03,65266
0.46,0.03,754
0.50,0.03,7665
0.53,0.03,59375
0.56,0.03,1519
0.59,0.04,1006
0.62,0.04,63980
0.65,0.04,60395
0.69,0.04,491
0.72,0.04,63721
0.75,0.05,65512
0.78,0.05,2024
0.81,0.05,64486
0.84,0.05,2790
0.87,0.05,62180
0.90,0.06,3044
0.94,0.06,60642
0.97,0.06,61153
1.00,0.06,62432
1.03,0.06,64223
1.06,0.07,60382
1.09,0.07,1502
1.12,0.07,57564
1.16,0.07,59355
1.19,0.07,63194
1.22,0.07,4314
1.26,0.08,4569
1.30,0.08,65495
1.33,0.08,-41
1.36,0.08,1238
1.39,0.09,62932
1.42,0.09,60627
1.45,0.09,723
1.49,0.09,3794
1.52,0.09,465
1.55,0.10,976
1.58,0.10,65486
1.61,0.10,1486
1.64,0.10,60620
1.67,0.10,2764
1.71,0.11,63434
1.74,0.11,64969
1.77,0.11,40902
1.80,0.11,3020
1.83,0.11,28101
1.86,0.12,31429
1.89,0.12,56773
1.93,0.12,4806
1.96,0.12,39875
1.99,0.12,26820
2.02,0.13,63679
2.05,0.13,52416
2.08,0.13,3003
2.12,0.13,61371
2.15,0.13,48568
2.18,0.13,28088
2.21,0.14,38590
2.24,0.14,52925
2.27,0.14,59835
2.30,0.14,25528
2.34,0.14,25524
2.37,0.15,41145
2.40,0.15,39864
2.43,0.15,20657
2.46,0.15,30639
2.49,0.15,50352
2.53,0.16,26035
2.56,0.16,51119
2.59,0.16,59053
2.62,0.16,20141
2.65,0.16,30126
2.68,0.17,39850
2.71,0.17,49064
2.74,0.17,10155
2.78,0.17,3497
2.81,0.17,22187
2.84,0.18,20137
2.87,0.18,38568
2.90,0.18,424
2.93,0.18,17318
2.96,0.18,45731
3.00,0.19,64159
3.03,0.19,43679
3.06,0.19,53411
3.09,0.19,52894
3.12,0.19,2205
3.15,0.20,63903
3.19,0.20,41370
3.22,0.20,14232
3.25,0.20,54426
3.28,0.20,61338
3.31,0.21,42904
3.34,0.21,55447
3.37,0.21,38293
3.40,0.21,49558
3.43,0.21,9874
3.47,0.22,5527
3.50,0.22,46227
3.53,0.22,41874
3.56,0.22,39054
3.59,0.22,44428
3.62,0.23,21391
3.65,0.23,18062
3.69,0.23,2442
3.72,0.23,19848
3.75,0.23,35213
3.78,0.23,5515
3.81,0.24,27270
3.84,0.24,27780
3.89,0.24,18055
3.92,0.24,60805
3.95,0.25,43397
3.98,0.25,29827
4.01,0.25,2946
4.05,0.25,25731
4.08,0.25,39553
4.11,0.26,10113
4.14,0.26,56188
4.17,0.26,59770
4.20,0.26,35965
4.23,0.26,34170
4.27,0.27,35450
4.30,0.27,61562
4.33,0.27,64376
4.36,0.27,42873
4.39,0.27,2169
4.42,0.28,30835
4.46,0.28,29554
4.49,0.28,40050
4.52,0.28,3954
4.55,0.28,3697
4.58,0.28,1392
4.61,0.29,1647
4.64,0.29,4718
4.67,0.29,24927
4.70,0.29,52061
4.74,0.29,43883
4.77,0.30,57193
4.80,0.30,62056
4.83,0.30,61799
4.87,0.30,64614
4.89,0.30,3174
4.93,0.31,58212
4.96,0.31,61539
4.99,0.31,63842
5.02,0.31,6242
5.05,0.31,62304
5.08,0.32,608
5.12,0.32,62046
5.15,0.32,4702
5.18,0.32,2653
5.21,0.32,2652
5.24,0.33,62042
5.27,0.33,64601
5.30,0.33,-167
5.34,0.33,5976
5.37,0.33,63574
5.40,0.34,598
5.43,0.34,62036
5.46,0.34,1108
5.49,0.34,-173
5.52,0.34,4434
5.56,0.35,63312
5.59,0.35,63823
5.62,0.35,79
5.65,0.35,2638
5.68,0.35,5965
5.71,0.36,62283
5.74,0.36,-181
5.78,0.36,64585
5.81,0.36,3145
5.84,0.36,64327
5.87,0.37,3911
5.90,0.37,63813
5.93,0.37,1605
5.97,0.37,64579
6.00,0.37,323
6.03,0.38,7746
6.06,0.38,65088
6.09,0.38,65087
6.12,0.38,63294
6.15,0.38,60733
6.18,0.39,1597
6.22,0.39,3388
6.25,0.39,61754
6.28,0.39,7226
6.31,0.39,64312
6.34,0.40,64055
6.37,0.40,64054
6.40,0.40,65333
6.44,0.40,-203
6.47,0.40,61491
6.50,0.40,1587
6.53,0.41,3634
6.56,0.41,7473
6.59,0.41,64047
6.62,0.41,2095
6.65,0.41,558
6.68,0.42,60204
6.72,0.42,2604
6.75,0.42,4395
6.78,0.42,3370
6.81,0.42,2345
6.84,0.43,9256
6.87,0.43,4647
6.90,0.43,62245
6.93,0.43,60708
6.97,0.43,2596
7.00,0.44,60962
7.03,0.44,2338
7.06,0.44,64800
7.09,0.44,6432
7.12,0.44,61726
7.15,0.45,63005
7.18,0.45,63772
7.21,0.45,62235
7.25,0.45,6427
7.28,0.45,61209
7.31,0.46,58392
7.34,0.46,6168
7.37,0.46,535
7.40,0.46,59157
7.43,0.46,533
7.47,0.47,64787
7.50,0.47,5907
7.53,0.47,5394
7.56,0.47,7953
7.59,0.47,2320
7.62,0.48,63758
7.66,0.48,6158
7.69,0.48,781
7.72,0.48,780
7.75,0.48,61450
7.78,0.48,7434
7.81,0.49,3337
7.84,0.49,3336
7.88,0.49,62214
7.91,0.49,1030
7.94,0.49,60676
7.97,0.50,516
8.00,0.50,1027
8.03,0.50,2306
8.06,0.50,65280
8.09,0.50,64767
8.12,0.51,1791
8.16,0.51,254
8.19,0.51,64764
8.22,0.51,-260
8.25,0.51,61690
8.28,0.52,1274
8.31,0.52,3321
8.34,0.52,63735
8.37,0.52,2039
8.41,0.52,63477
8.44,0.53,245
8.47,0.53,61939
8.50,0.53,60146
8.53,0.53,63985
8.56,0.53,63728
8.60,0.54,61423
8.63,0.54,61934
8.66,0.54,62445
8.69,0.54,65004
8.72,0.54,1260
8.75,0.55,2795
8.78,0.55,60393
8.81,0.55,63976
8.84,0.55,62695
8.88,0.55,61926
8.91,0.56,61925
8.94,0.56,5605
8.97,0.56,63715
9.00,0.56,58594
9.03,0.56,482
9.06,0.57,60128
9.09,0.57,480
9.12,0.57,1247
9.16,0.57,60637
9.19,0.57,989
9.22,0.57,62171
9.25,0.58,-293
9.28,0.58,474
9.31,0.58,65240
9.34,0.58,60631
9.39,0.59,2775
9.42,0.59,62677
9.45,0.59,64724
9.48,0.59,2004
9.52,0.59,2003
9.55,0.60,57809
9.58,0.60,61904
9.61,0.60,61391
9.64,0.60,719
9.67,0.60,61645
9.70,0.60,-51
9.73,0.61,716
9.76,0.61,62410
9.79,0.61,1482
9.82,0.61,64200
9.86,0.61,64199
9.89,0.62,199
9.92,0.62,-314
9.95,0.62,58308
9.98,0.62,62915
10.01,0.62,1219
10.04,0.63,61889
10.07,0.63,5569
10.11,0.63,3264
10.14,0.63,63422
10.17,0.63,63677
10.20,0.64,-323
10.23,0.64,1724
10.26,0.64,-69
10.29,0.64,59833
10.33,0.64,4537
10.36,0.65,952
10.39,0.65,439
10.42,0.65,1974
10.45,0.65,693
10.48,0.65,3252
10.52,0.66,60338
10.55,0.66,64945
10.58,0.66,63664
10.61,0.66,63407
10.64,0.66,63150
10.67,0.67,430
10.71,0.67,63916
10.74,0.67,62123
10.77,0.67,1451
10.80,0.67,1962
10.83,0.68,60584
10.86,0.68,1448
10.90,0.68,62630
10.93,0.68,4774
10.96,0.68,62116
10.99,0.69,61603
11.02,0.69,4003
11.05,0.69,63905
11.08,0.69,2721
11.12,0.69,64415
11.15,0.70,64926
11.18,0.70,62109
11.21,0.70,64924
11.24,0.70,8092
11.27,0.70,2715
11.30,0.71,922
11.33,0.71,1689
11.37,0.71,63127
11.40,0.71,1687
11.43,0.71,662
11.46,0.71,57748
11.49,0.72,62611
11.52,0.72,59794
11.56,0.72,61841
11.59,0.72,3985
11.62,0.72,65167
11.65,0.73,62350
11.68,0.73,1166
11.71,0.73,60556
11.74,0.73,60811
11.77,0.73,64138
11.81,0.74,3722
11.84,0.74,137
11.87,0.74,1672
11.90,0.74,903
11.93,0.74,1158
11.96,0.75,2949
11.99,0.75,65155
12.03,0.75,2691
12.06,0.75,898
12.09,0.75,64896
12.12,0.76,2432
12.17,0.76,3711
12.20,0.76,126
12.23,0.76,5757
12.26,0.77,6524
12.29,0.77,64890
12.32,0.77,63609
12.36,0.77,56696
12.39,0.77,1400
12.42,0.77,63606
12.45,0.78,60789
12.48,0.78,3957
12.51,0.78,61555
12.55,0.78,63346
12.58,0.78,10610
12.61,0.79,64880
12.64,0.79,3696
12.67,0.79,64366
12.70,0.79,61293
12.73,0.79,63852
12.77,0.80,63083
12.80,0.80,4715
12.83,0.80,58985
12.86,0.80,64104
12.89,0.80,616
12.92,0.81,2151
12.96,0.81,60773
12.99,0.81,101
13.02,0.81,65123
13.05,0.81,2659
13.08,0.82,63329
13.11,0.82,64608
13.14,0.82,64351
13.17,0.82,64606
13.21,0.82,1630
13.24,0.83,60252
13.27,0.83,1628
13.30,0.83,2651
13.33,0.83,3162
13.36,0.83,57176
13.40,0.84,344
13.43,0.84,63062
13.46,0.84,3158
13.49,0.84,7253
13.52,0.84,1108
13.55,0.85,59218
13.58,0.85,61521
13.61,0.85,59472
13.65,0.85,2640
13.68,0.85,63310
13.71,0.86,62029
13.74,0.86,3149
13.77,0.86,64843
13.80,0.86,60490
13.83,0.86,64073
13.87,0.87,63816
13.90,0.87,64071
13.93,0.87,64326
13.96,0.87,61765
13.99,0.87,58436
14.02,0.88,57155
14.05,0.88,58434
14.08,0.88,1602
14.12,0.88,2881
14.15,0.88,832
14.18,0.88,2623
14.21,0.89,62269
14.24,0.89,63548
14.27,0.89,2620
14.30,0.89,60218
14.34,0.89,62009
14.37,0.90,62776
14.40,0.90,61751
14.43,0.90,63542
14.46,0.90,63797
14.49,0.90,65076
14.53,0.91,64563
14.56,0.91,1843
14.59,0.91,64049
14.62,0.91,65072
14.65,0.91,6192
14.68,0.92,815
14.71,0.92,62509
14.74,0.92,301
14.78,0.92,1580
14.81,0.92,63786
14.84,0.93,2858
14.87,0.93,2345
14.90,0.93,60967
14.93,0.93,62246
14.96,0.93,60453
15.00,0.94,3877
15.05,0.94,-220
15.07,0.94,2851
15.11,0.94,64033
15.14,0.94,-223
15.17,0.95,2848
15.20,0.95,7711
15.23,0.95,64797
15.26,0.95,63004
15.29,0.95,65051
15.33,0.96,3355
15.36,0.96,59161
15.39,0.96,1305
15.42,0.96,-488
15.45,0.96,1303
15.48,0.97,2326
15.51,0.97,62996
15.55,0.97,788
15.58,0.97,-493
15.61,0.97,786
15.64,0.98,1809
15.67,0.98,58895
15.70,0.98,61198
15.73,0.98,64013
15.77,0.98,1549
15.80,0.99,-244
15.83,0.99,64522
15.86,0.99,3594
15.89,0.99,64264
15.92,0.99,63239
15.95,1.00,519
15.98,1.00,1798
16.02,1.00,773
16.05,1.00,2052
16.08,1.00,60930
16.11,1.01,63233
16.14,1.01,60416
16.17,1.01,1792
16.21,1.01,-1
16.24,1.01,63741
16.27,1.02,5629
16.30,1.02,2812
16.33,1.02,65018
16.36,1.02,63225
16.39,1.02,249
16.42,1.03,-8
16.46,1.03,4087
16.49,1.03,60917
16.52,1.03,61940
16.55,1.03,3060
16.58,1.04,1011
16.61,1.04,60657
16.65,1.04,2545
16.68,1.04,62191
16.71,1.04,4847
16.74,1.05,3054
16.77,1.05,63980
16.80,1.05,-276
16.83,1.05,60394
16.87,1.05,3818
16.90,1.05,63208
16.93,1.06,-280
16.96,1.06,59110
16.99,1.06,-538
17.02,1.06,4069
17.06,1.06,996
17.09,1.07,63970
17.12,1.07,1506
17.15,1.07,225
17.18,1.07,2528
17.21,1.07,2271
17.24,1.08,1502
17.27,1.08,1245
17.30,1.08,3292
17.34,1.08,2011
17.37,1.08,474
17.40,1.09,3289
17.43,1.09,64983
17.46,1.09,1751
17.49,1.09,64725
17.52,1.09,213
17.56,1.10,62675
17.59,1.10,63698
17.62,1.10,64721
17.65,1.10,-47
17.68,1.10,60623
17.71,1.11,60110
17.74,1.11,718
17.78,1.11,2509
17.81,1.11,716
17.84,1.11,1739
17.87,1.12,64457
17.93,1.12,63944
17.96,1.12,64455
18.00,1.12,61638
18.03,1.13,-58
18.06,1.13,4037
18.09,1.13,61891
18.12,1.13,60866
18.15,1.13,1730
18.19,1.14,-319
18.22,1.14,61631
18.25,1.14,4799
18.28,1.14,61629
18.31,1.14,64700
18.34,1.15,1724
18.37,1.15,64954
18.40,1.15,64953
18.44,1.15,5049
18.47,1.15,184
18.50,1.15,62134
18.53,1.16,5046
18.56,1.16,61620
18.59,1.16,-76
18.62,1.16,2483
18.66,1.16,434
18.69,1.17,5809
18.72,1.17,64943
18.75,1.17,64942
18.78,1.17,7342
18.81,1.17,63916
18.85,1.18,5292
18.88,1.18,5547
18.91,1.18,2986
18.94,1.18,62632
18.97,1.18,63655
19.00,1.19,1959
19.03,1.19,62117
19.07,1.19,677
19.10,1.19,4516
19.13,1.19,53410
19.16,1.20,57761
19.19,1.20,63648
19.22,1.20,4512
19.26,1.20,63902
19.29,1.20,926
19.32,1.21,669
19.35,1.21,63131
19.38,1.21,59546
19.41,1.21,53657
19.44,1.21,60824
19.48,1.22,1176
19.51,1.22,62358
19.54,1.22,61077
19.57,1.22,1173
19.60,1.22,64147
19.63,1.23,1171
19.66,1.23,63121
19.69,1.23,145
19.73,1.23,63631
19.76,1.23,59790
19.79,1.24,60813
19.82,1.24,63884
19.85,1.24,2956
19.88,1.24,5515
19.91,1.24,1162
19.94,1.25,3977
19.97,1.25,61831
20.01,1.25,2951
20.04,1.25,6790
20.07,1.25,62596
20.10,1.25,60547
20.13,1.26,1411
20.16,1.26,4738
20.19,1.26,63616
20.22,1.26,2176
20.26,1.26,63614
20.29,1.27,638
20.32,1.27,64124
20.35,1.27,62075
20.38,1.27,60282
20.41,1.27,2426
20.45,1.28,3193
20.48,1.28,632
20.51,1.28,61558
20.54,1.28,62325
20.57,1.28,61812
20.60,1.29,1140
20.63,1.29,60786
20.67,1.29,3442
20.70,1.29,64368
20.73,1.29,1648
20.76,1.30,63854
20.79,1.30,62061
20.82,1.30,1133
20.86,1.30,61291
20.89,1.30,1387
20.92,1.31,1130
20.95,1.31,2409
20.98,1.31,104
21.01,1.31,2919
21.04,1.31,61797
21.07,1.32,64356
21.11,1.32,2660
21.14,1.32,-669
21.17,1.32,-158
21.20,1.32,62304
21.23,1.33,60511
21.26,1.33,351
21.29,1.33,63837
21.33,1.33,64604
21.36,1.33,63835
21.39,1.34,64090
21.42,1.34,61785
21.45,1.34,62808
21.48,1.34,600
21.51,1.34,-169
21.55,1.35,62549
21.58,1.35,64340
21.61,1.35,60499
21.64,1.35,62802
21.67,1.35,4690
21.70,1.36,63824
21.73,1.36,59471
21.77,1.36,335
21.80,1.36,61005
21.83,1.36,61004
21.86,1.36,844
21.89,1.37,3915
21.92,1.37,330
21.95,1.37,-695
21.99,1.37,58951
22.02,1.37,58694
22.05,1.38,64325
22.08,1.38,6213
22.11,1.38,64835
22.14,1.38,1859
22.17,1.38,578
22.21,1.39,-191
22.24,1.39,320
22.27,1.39,3391
22.30,1.39,63805
22.33,1.39,61756
22.36,1.40,62523
22.39,1.40,63034
22.43,1.40,570
22.46,1.40,62520
22.49,1.40,-200
22.52,1.41,4407
22.55,1.41,4150
22.58,1.41,57396
22.61,1.41,63539
22.64,1.41,3891
22.68,1.42,50
22.71,1.42,3377
22.74,1.42,1840
22.77,1.42,63534
22.80,1.42,59437
22.83,1.43,60460
22.86,1.43,3116
22.90,1.43,59434
22.93,1.43,-726
22.96,1.43,64296
22.99,1.44,2856
23.02,1.44,63014
23.05,1.44,63269
23.09,1.44,61220
23.12,1.44,64035
23.15,1.45,-221
23.18,1.45,63521
23.21,1.45,1569
23.24,1.45,63775
23.27,1.45,60446
23.30,1.46,1566
23.33,1.46,64284
23.37,1.46,540
23.40,1.46,1051
23.43,1.46,3610
23.46,1.46,64024
23.49,1.47,1048
23.52,1.47,62742
23.55,1.47,534
23.59,1.47,533
23.63,1.48,4372
23.66,1.48,63762
23.70,1.48,64785
23.73,1.48,59408
23.76,1.48,528
23.79,1.49,3599
23.82,1.49,526
23.85,1.49,62476
23.88,1.49,-500
23.91,1.49,-757
23.94,1.50,62985
23.97,1.50,62472
24.01,1.50,264
24.04,1.50,7
24.07,1.50,64005
24.10,1.50,63236
24.13,1.51,772
24.16,1.51,259
24.19,1.51,1282
24.22,1.51,3585
24.25,1.51,64511
24.29,1.52,64254
24.32,1.52,1790
24.35,1.52,2045
24.38,1.52,64251
24.41,1.52,3323
24.45,1.53,7674
24.48,1.53,63224
24.51,1.53,-264
24.54,1.53,62454
24.57,1.53,63477
24.60,1.54,245
24.63,1.54,1780
24.66,1.54,-525
24.69,1.54,64753
24.73,1.54,63216
24.76,1.55,3056
24.79,1.55,60910
24.82,1.55,63981
24.85,1.55,61164
24.88,1.55,1516
24.92,1.56,-277
24.95,1.56,-790
24.98,1.56,-23
25.01,1.56,488
25.04,1.56,1255
25.07,1.57,-26
25.11,1.57,60132
25.14,1.57,63203
25.17,1.57,995
25.20,1.57,63457
25.23,1.58,63200
25.26,1.58,64735
25.30,1.58,62942
25.33,1.58,3550
25.36,1.58,62428
25.39,1.59,2780
25.42,1.59,219
25.45,1.59,2522
25.48,1.59,63960
25.52,1.59,64727
25.55,1.60,471
25.58,1.60,982
25.61,1.60,1237
25.65,1.60,63443
25.68,1.60,61650
25.71,1.61,63185
25.74,1.61,2257
25.77,1.61,56271
25.80,1.61,5071
25.83,1.61,61133
25.86,1.62,64716
25.90,1.62,2508
25.93,1.62,6347
25.96,1.62,60105
25.99,1.62,713
26.02,1.63,62919
26.06,1.63,1991
26.10,1.63,-58
26.13,1.63,60356
26.16,1.63,5572
26.20,1.64,1731
26.23,1.64,57793
26.26,1.64,449
26.29,1.64,1984
26.32,1.64,191
26.35,1.65,60349
26.39,1.65,63420
26.42,1.65,5052
26.45,1.65,62650
26.48,1.65,64441
26.51,1.66,1465
26.54,1.66,56759
26.58,1.66,62646
26.61,1.66,-586
26.64,1.66,437
26.67,1.67,61363
26.70,1.67,-77
26.73,1.67,1458
26.77,1.67,3505
26.79,1.67,62383
26.83,1.68,63406
26.86,1.68,1454
26.89,1.68,63660
26.92,1.68,62891
26.95,1.68,1707
26.98,1.68,62889
27.01,1.69,2217
27.04,1.69,61351
27.08,1.69,2727
27.11,1.69,62117
27.14,1.69,3237
27.17,1.70,420
27.20,1.70,61346
27.23,1.70,63393
27.26,1.70,3489
27.29,1.70,57503
27.33,1.71,3743
27.36,1.71,63645
27.39,1.71,413
27.42,1.71,60059
27.45,1.71,2203
27.48,1.72,3482
27.51,1.72,4249
27.55,1.72,2968
27.58,1.72,1687
27.61,1.72,-618
27.64,1.73,2453
27.67,1.73,59283
27.70,1.73,-109
27.73,1.73,61841
27.77,1.73,-879
27.80,1.74,-368
27.83,1.74,-113
27.86,1.74,-114
27.89,1.74,3725
27.92,1.74,-116
27.96,1.75,4235
27.99,1.75,-630
28.02,1.75,64392
28.05,1.75,62087
28.08,1.75,3207
28.11,1.76,64133
28.14,1.76,59268
28.17,1.76,63363
28.21,1.76,60546
28.24,1.76,63617
28.27,1.77,4993
28.30,1.77,60031
28.33,1.77,60542
28.36,1.77,61565
28.39,1.77,63612
28.43,1.78,60027
28.46,1.78,8315
28.49,1.78,1914
28.52,1.78,4985
28.55,1.78,-136
28.58,1.79,63094
28.61,1.79,886
28.65,1.79,3957
28.68,1.79,58995
28.72,1.79,62066
28.76,1.80,626
28.79,1.80,625
28.82,1.80,2416
28.85,1.80,59502
28.88,1.80,64109
28.91,1.81,57452
28.95,1.81,59755
28.98,1.81,2411
29.01,1.81,60777
29.04,1.81,873
29.07,1.82,58727
29.10,1.82,64102
29.13,1.82,63845
29.16,1.82,58980
29.19,1.82,2404
29.23,1.83,63842
29.26,1.83,63585
29.29,1.83,97
29.32,1.83,3424
29.35,1.83,3679
29.38,1.84,60253
29.41,1.84,61532
29.45,1.84,63323
29.48,1.84,62298
29.51,1.84,5210
29.54,1.84,63832
29.57,1.85,-680
29.60,1.85,-425
29.63,1.85,60245
29.66,1.85,63060
29.69,1.85,62803
29.73,1.86,2131
29.76,1.86,3922
29.79,1.86,6737
29.82,1.86,62799
29.85,1.86,61518
29.88,1.87,1870
29.92,1.87,1613
29.95,1.87,60491
29.98,1.87,61770
30.01,1.87,4682
30.04,1.88,64072
30.07,1.88,59463
30.10,1.88,64326
30.14,1.88,63557
30.17,1.88,62788
30.20,1.89,8004
30.23,1.89,60482
30.26,1.89,2370
30.29,1.89,62272
30.32,1.89,1344
30.36,1.90,60222
30.39,1.90,-706
30.42,1.90,63036
30.45,1.90,2620
30.48,1.90,2107
30.51,1.91,63545
30.54,1.91,10809
30.58,1.91,2104
30.61,1.91,3127
30.64,1.91,2102
30.67,1.92,3893
30.70,1.92,1588
30.73,1.92,2099
30.77,1.92,64561
30.80,1.92,63536
30.83,1.93,61231
30.86,1.93,61486
30.89,1.93,558
30.93,1.93,63788
30.96,1.93,556
31.02,1.94,58922
31.05,1.94,62505
31.08,1.94,2345
31.11,1.94,552
31.14,1.95,63526
31.18,1.95,2086
31.21,1.95,2341
31.24,1.95,-220
31.27,1.95,60194
31.30,1.96,57377
31.33,1.96,801
31.36,1.96,-736
31.40,1.96,62750
31.43,1.96,3358
31.46,1.97,62748
31.49,1.97,61979
31.52,1.97,3867
31.56,1.97,2586
31.59,1.97,60440
31.62,1.97,24
31.65,1.98,53782
31.68,1.98,-1002
31.71,1.98,63252
31.74,1.98,532
31.78,1.98,60690
31.81,1.99,64017
31.84,1.99,1297
31.87,1.99,2064
31.90,1.99,62734
31.93,1.99,-754
31.96,2.00,1293
31.99,2.00,59659
32.02,2.00,1035
32.06,2.00,64265
32.09,2.00,-1015
32.12,2.01,3848
32.15,2.01,3335
32.19,2.01,262
32.22,2.01,517
32.25,2.01,57347
32.28,2.02,60418
32.31,2.02,62721
32.34,2.02,1281
32.37,2.02,63231
32.40,2.02,64254
32.43,2.03,63485
32.47,2.03,-1027
32.50,2.03,764
32.53,2.03,62458
32.56,2.03,762
32.59,2.04,4345
32.62,2.04,760
32.65,2.04,1271
32.68,2.04,1782
32.72,2.04,63732
32.75,2.05,62707
32.78,2.05,63218
32.81,2.05,3058
32.84,2.05,1777
32.87,2.05,1520
32.91,2.06,1775
32.93,2.06,63469
32.97,2.06,3565
33.00,2.06,4844
33.03,2.06,-21
33.06,2.06,1514
33.09,2.07,-23
33.12,2.07,232
33.15,2.07,63206
33.18,2.07,55269
33.22,2.07,57828
33.25,2.08,2276
33.28,2.08,10211
33.31,2.08,63713
33.34,2.08,-31
33.37,2.08,63967
33.40,2.09,64222
33.43,2.09,59613
33.47,2.09,-547
33.50,2.09,476
33.53,2.09,475
33.56,2.10,3546
33.59,2.10,217
33.62,2.10,1240
33.65,2.10,61142
33.69,2.10,4310
33.72,2.11,2005
33.75,2.11,63699
33.78,2.11,63186
33.81,2.11,-1070
33.84,2.11,63440
33.87,2.12,720
33.91,2.12,4559
33.94,2.12,-818
33.97,2.12,63180
34.00,2.12,63947
34.03,2.13,-53
34.06,2.13,61641
34.09,2.13,61896
34.12,2.13,61895
34.15,2.13,3527
34.19,2.14,62917
34.22,2.14,709
34.25,2.14,64451
34.28,2.14,62914
34.31,2.14,60353
34.34,2.15,2241
34.38,2.15,64191
34.41,2.15,60862
34.44,2.15,60349
34.47,2.15,-323
34.50,2.15,58555
34.53,2.16,1211
34.56,2.16,60089
34.59,2.16,3513
34.63,2.16,62903
34.66,2.16,57782
34.69,2.17,62133
34.72,2.17,2741
34.75,2.17,180
34.78,2.17,58546
34.81,2.17,-1102
34.85,2.18,64432
34.88,2.18,56751
34.91,2.18,1455
34.94,2.18,64429
34.97,2.18,62636
35.00,2.19,1452
35.03,2.19,63914
35.06,2.19,-342
35.09,2.19,-1111
35.13,2.19,64423
35.16,2.20,-857
35.19,2.20,3238
35.22,2.20,63908
35.25,2.20,63907
35.28,2.20,64162
35.32,2.21,3234
35.35,2.21,63392
35.38,2.21,63903
35.41,2.21,60830
35.44,2.21,-1122
35.47,2.22,2205
35.50,2.22,64411
35.54,2.22,1435
35.57,2.22,4762
35.60,2.22,153
35.63,2.23,3736
35.66,2.23,-361
35.69,2.23,150
35.72,2.23,2965
35.76,2.23,64147
35.79,2.24,56466
35.82,2.24,62097
35.85,2.24,1937
35.88,2.24,64399
35.94,2.24,61838
35.97,2.25,3726
35.99,2.25,141
36.02,2.25,63883
36.06,2.25,2443
36.09,2.25,-374
36.12,2.26,-119
36.15,2.26,56199
36.18,2.26,3719
36.21,2.26,3206
36.24,2.26,62596
36.28,2.27,62339
36.31,2.27,58498
36.34,2.27,62593
36.37,2.27,2433
36.40,2.27,59775
36.43,2.28,59006
36.46,2.28,61821
36.50,2.28,-1155
36.53,2.28,-388
36.56,2.28,62586
36.59,2.29,122
36.62,2.29,6009
36.65,2.29,2680
36.68,2.29,119
36.71,2.29,1654
36.74,2.30,1653
36.78,2.30,62067
36.81,2.30,1139
36.84,2.30,59505
36.87,2.30,62320
36.90,2.31,368
36.93,2.31,63854
36.96,2.31,60013
36.99,2.31,1133
37.03,2.31,58475
37.06,2.31,60266
37.09,2.32,9066
37.12,2.32,64104
37.15,2.32,-664
37.18,2.32,61030
37.21,2.32,-154
37.24,2.33,64356
37.28,2.33,62051
37.31,2.33,59490
37.34,2.33,60001
37.37,2.33,59744
37.40,2.34,62303
37.43,2.34,62814
37.47,2.34,60765
37.50,2.34,61276
37.53,2.34,1628
37.56,2.35,-421
37.59,2.35,602
37.62,2.35,64088
37.65,2.35,59991
37.68,2.35,61782
37.71,2.36,62037
37.74,2.36,62292
37.78,2.36,596
37.81,2.36,61778
37.84,2.36,63313
37.87,2.37,-1199
37.90,2.37,63567
37.93,2.37,62798
37.97,2.37,60493
37.99,2.37,1357
38.03,2.38,55371
38.06,2.38,5451
38.09,2.38,64329
38.12,2.38,64072
38.15,2.38,61511
38.18,2.39,63558
38.21,2.39,60741
38.25,2.39,4933
38.28,2.39,324
38.31,2.39,63298
38.34,2.40,58945
38.37,2.40,-959
38.40,2.40,61759
38.44,2.40,64062
38.47,2.40,60733
38.50,2.40,-707
38.53,2.41,5436
38.56,2.41,4923
38.59,2.41,60985
38.62,2.41,1081
38.66,2.41,-968
38.69,2.42,64054
38.72,2.42,-714
38.75,2.42,3125
38.78,2.42,63283
38.81,2.42,9779
38.84,2.43,61745
38.88,2.43,-975
38.91,2.43,560
38.94,2.43,62510
38.97,2.43,-210
39.00,2.44,63788
39.03,2.44,60971
39.08,2.44,56874
39.11,2.44,42
39.14,2.45,61480
39.17,2.45,57895
39.20,2.45,64038
39.24,2.45,806
39.27,2.45,2597
39.30,2.45,58915
39.33,2.46,58914
39.36,2.46,52001
39.39,2.46,289
39.42,2.46,2080
39.45,2.46,9759
39.49,2.47,57117
39.52,2.47,59420
39.55,2.47,-740
39.58,2.47,64282
39.61,2.47,63769
39.64,2.48,4633
39.68,2.48,2328
39.71,2.48,61974
39.74,2.48,56085
39.77,2.48,1813
39.80,2.49,20
39.83,2.49,61458
39.86,2.49,-1262
39.89,2.49,3345
39.92,2.49,-752
39.96,2.50,57358
39.99,2.50,59917
40.02,2.50,13
40.05,2.50,1292
40.08,2.50,-1013
40.11,2.51,64265
40.14,2.51,61448
40.17,2.51,-1272
40.21,2.51,59398
40.24,2.51,1030
40.27,2.52,58884
40.30,2.52,-252
40.33,2.52,2051
40.36,2.52,2306
40.40,2.52,62208
40.43,2.53,2048
40.46,2.53,4095
40.49,2.53,2302
40.52,2.53,61180
40.55,2.53,2044
40.59,2.54,3067
40.62,2.54,61433
40.65,2.54,-7
40.68,2.54,62455
40.71,2.54,64246
40.74,2.55,62197
40.77,2.55,-1035
40.81,2.55,56819
40.84,2.55,63474
40.87,2.55,63985
40.90,2.55,1009
40.93,2.56,2544
40.96,2.56,751
40.99,2.56,58349
41.02,2.56,58092
41.06,2.56,62955
41.09,2.57,59882
41.12,2.57,59881
41.15,2.57,59880
41.18,2.57,56551
41.22,2.57,1767
41.25,2.58,63717
41.28,2.58,-795
41.31,2.58,-28
41.34,2.58,62946
41.37,2.58,61665
41.40,2.59,59360
41.43,2.59,224
41.47,2.59,63198
41.50,2.59,3550
41.53,2.59,-1315
41.56,2.60,61147
41.59,2.60,64218
41.62,2.60,4826
41.65,2.60,-295
41.69,2.60,1240
41.72,2.61,-41
41.75,2.61,56021
41.78,2.61,-299
41.81,2.61,59347
41.84,2.61,61650
41.87,2.62,1746
41.91,2.62,53712
41.94,2.62,-1328
41.97,2.62,56014
42.00,2.62,57549
42.03,2.63,2509
42.07,2.63,2508
42.10,2.63,61386
42.13,2.63,59337
42.16,2.63,1225
42.19,2.64,200
42.22,2.64,58054
42.28,2.64,4038
42.30,2.64,-571
42.33,2.64,59843
42.36,2.65,-317
42.40,2.65,60865
42.43,2.65,63680
42.46,2.65,3520
42.49,2.65,4799
42.52,2.66,5310
42.55,2.66,60860
42.58,2.66,-68
42.62,2.66,62138
42.65,2.66,63161
42.68,2.67,-839
42.71,2.67,4792
42.74,2.67,5559
42.77,2.67,694
42.81,2.67,54452
42.84,2.68,2484
42.87,2.68,-1357
42.90,2.68,946
42.93,2.68,59824
42.96,2.68,2736
42.99,2.69,63406
43.02,2.69,430
43.06,2.69,1197
43.09,2.69,59563
43.12,2.69,60586
43.15,2.70,6058
43.18,2.70,63144
43.21,2.70,2984
43.24,2.70,64166
43.28,2.70,60837
43.31,2.71,61348
43.34,2.71,59811
43.37,2.71,62882
43.40,2.71,1698
43.43,2.71,161
43.46,2.72,62111
43.50,2.72,-97
43.53,2.72,2462
43.56,2.72,63388
43.59,2.72,63131
43.62,2.73,61850
43.65,2.73,62873
43.69,2.73,2969
43.72,2.73,-1128
43.75,2.73,1687
43.78,2.73,-1130
43.81,2.74,64148
43.84,2.74,63123
43.87,2.74,56978
43.90,2.74,63633
43.93,2.74,5521
43.96,2.75,400
44.00,2.75,399
44.03,2.75,57997
44.06,2.75,63884
44.09,2.75,62091
44.12,2.76,907
44.15,2.76,63369
44.19,2.76,63624
44.22,2.76,60039
44.25,2.76,1927
44.28,2.77,-1402
44.31,2.77,-635
44.34,2.77,62339
44.37,2.77,3203
44.41,2.77,130
44.44,2.78,61824
44.47,2.78,10112
44.50,2.78,3455
44.53,2.78,3454
44.56,2.78,61308
44.59,2.79,62075
44.63,2.79,-901
44.66,2.79,-902
44.69,2.79,377
44.72,2.79,64119
44.75,2.80,-1417
44.78,2.80,374
44.81,2.80,63348
44.85,2.80,58483
44.88,2.80,115
44.91,2.81,-1422
44.94,2.81,2161
44.97,2.81,880
45.00,2.81,61806
45.03,2.81,61037
45.07,2.82,63340
45.10,2.82,1644
45.13,2.82,55914
45.16,2.82,62057
45.19,2.82,61288
45.22,2.83,62055
45.26,2.83,62310
45.29,2.83,60773
45.32,2.83,62820
45.35,2.83,868
45.38,2.83,-1437
45.41,2.84,55137
45.44,2.84,61024
45.47,2.84,-416
45.51,2.84,61022
45.54,2.84,-674
45.57,2.85,59484
45.60,2.85,61531
45.63,2.85,59482
45.66,2.85,63065
45.69,2.85,3161
45.73,2.86,-1192
45.76,2.86,57942
45.79,2.86,3414
45.82,2.86,62804
45.85,2.86,3924
45.89,2.87,64082
45.92,2.87,-174
45.95,2.87,62288
45.98,2.87,60751
46.01,2.87,5199
46.04,2.88,8782
46.07,2.88,62284
46.10,2.88,62795
46.13,2.88,61002
46.17,2.88,61769
46.20,2.89,63304
46.23,2.89,57415
46.26,2.89,59206
46.29,2.89,3910
46.32,2.89,63556
46.35,2.90,62787
46.39,2.90,61762
46.42,2.90,3138
46.45,2.90,-1471
46.48,2.90,-960
46.51,2.91,62270
46.54,2.91,4158
46.57,2.91,-451
46.60,2.91,63803
46.64,2.91,1595
46.67,2.92,62009
46.70,2.92,-967
46.73,2.92,63799
46.76,2.92,50230
46.79,2.92,63541
46.82,2.93,4149
46.86,2.93,2356
46.89,2.93,60722
46.92,2.93,62513
46.95,2.93,62768
46.98,2.94,2352
47.01,2.94,1071
47.04,2.94,-978
47.08,2.94,-211
47.11,2.94,300
47.14,2.94,63018
47.17,2.95,1578
47.20,2.95,297
47.23,2.95,57127
47.26,2.95,59174
47.30,2.95,61733
47.33,2.96,61732
47.36,2.96,-476
47.39,2.96,6435
47.42,2.96,62497
47.45,2.96,-735
47.49,2.97,7456
47.52,2.97,61470
47.55,2.97,60957
47.58,2.97,1053
47.61,2.97,62491
47.64,2.98,1563
47.68,2.98,61721
47.71,2.98,64024
47.74,2.98,-488
47.77,2.98,60694
47.80,2.99,1046
47.83,2.99,1557
47.86,2.99,3604
47.89,2.99,61202
47.93,2.99,62737
47.96,3.00,2321
47.99,3.00,528
48.02,3.00,15
48.05,3.00,59661
48.08,3.00,62220
48.11,3.01,61195
48.15,3.01,63754
48.18,3.01,-758
48.21,3.01,61192
48.24,3.01,63495
48.27,3.02,60422
48.30,3.02,518
48.34,3.02,62468
48.37,3.02,62467
48.42,3.02,61698
48.45,3.03,3074
48.48,3.03,61696
48.51,3.03,63231
48.54,3.03,2303
48.57,3.03,63741
48.60,3.04,-1539
48.63,3.04,60155
48.67,3.04,-517
48.69,3.04,62457
48.73,3.04,62200
48.76,3.05,63479
48.79,3.05,60918
48.82,3.05,246
48.85,3.05,60404
48.88,3.05,59123
48.91,3.06,-269
48.95,3.06,62705
48.98,3.06,-783
49.01,3.06,56559
49.04,3.06,63214
49.07,3.07,62701
49.10,3.07,61676
49.13,3.07,2540
49.17,3.07,3307
49.20,3.07,-278
49.23,3.08,60648
49.26,3.08,62695
49.29,3.08,-1305
49.32,3.08,58597
49.35,3.08,62948
49.38,3.09,-1564
49.42,3.09,483
49.45,3.09,60641
49.48,3.09,225
49.51,3.09,60639
49.54,3.10,61406
49.57,3.10,5598
49.60,3.10,62940
49.64,3.10,-548
49.67,3.10,1499
49.70,3.10,63961
49.73,3.11,-1319
49.76,3.11,-808
49.79,3.11,58326
49.83,3.11,60629
49.86,3.11,63700
49.89,3.12,61651
49.92,3.12,723
49.95,3.12,2514
49.98,3.12,63184
50.01,3.12,60111
50.04,3.13,-561
50.07,3.13,-818
50.11,3.13,63180
50.14,3.13,-308
50.17,3.13,-53
50.20,3.14,1226
50.23,3.14,63944
50.26,3.14,63943
50.30,3.14,62662
50.33,3.14,60613
50.36,3.15,5061
50.39,3.15,964
50.42,3.15,-1341
50.45,3.15,2498
50.49,3.15,2753
50.52,3.16,61887
50.55,3.16,-321
50.58,3.16,190
50.61,3.16,63932
50.64,3.16,-1604
50.68,3.17,-1349
50.71,3.17,63929
50.74,3.17,441
50.77,3.17,58807
50.80,3.17,439
50.83,3.18,63925
50.86,3.18,4789
50.90,3.18,948
50.93,3.18,1971
50.96,3.18,63665
50.99,3.19,60848
51.02,3.19,62127
51.05,3.19,60078
51.08,3.19,63917
51.11,3.19,1965
51.15,3.20,172
51.18,3.20,58538
51.21,3.20,-1110
51.24,3.20,61352
51.27,3.20,54951
51.30,3.21,2471
51.34,3.21,-1114
51.37,3.21,-1371
51.40,3.21,2468
51.46,3.21,63394
51.49,3.22,5282
51.52,3.22,1953
51.55,3.22,60063
51.59,3.22,63390
51.62,3.22,60317
51.65,3.23,925
51.68,3.23,3484
51.71,3.23,60314
51.74,3.23,-358
51.78,3.23,153
51.81,3.24,62615
51.84,3.24,-617
51.87,3.24,59029
51.90,3.24,62356
51.93,3.24,62867
51.96,3.25,3731
52.00,3.25,61585
52.03,3.25,63632
52.06,3.25,62095
52.09,3.25,62350
52.12,3.26,61581
52.15,3.26,62604
52.18,3.26,60299
52.22,3.26,57994
52.25,3.26,650
52.28,3.27,63624
52.31,3.27,2696
52.34,3.27,3463
52.37,3.27,902
52.40,3.27,57988
52.43,3.28,59011
52.47,3.28,-381
52.50,3.28,62849
52.53,3.28,1153
52.57,3.28,61823
52.60,3.29,-641
52.64,3.29,1406
52.66,3.29,893
52.69,3.29,892
52.72,3.29,2683
52.75,3.30,3962
52.78,3.30,60280
52.81,3.30,3448
52.84,3.30,-1161
52.88,3.30,62325
52.91,3.31,56948
52.94,3.31,5236
52.97,3.31,115
53.00,3.31,626
53.03,3.31,4465
53.06,3.32,112
53.10,3.32,60270
53.13,3.32,58733
53.16,3.32,-915
53.19,3.32,56683
53.22,3.33,-917
53.25,3.33,60265
53.28,3.33,-1175
53.32,3.33,4456
53.35,3.33,2919
53.38,3.34,3686
53.41,3.34,5221
53.44,3.34,100
53.48,3.34,3683
53.51,3.34,60513
53.54,3.34,1121
53.57,3.35,608
53.60,3.35,60766
53.63,3.35,862
53.66,3.35,63836
53.70,3.35,604
53.73,3.36,63322
53.76,3.36,-1702
53.79,3.36,1113
53.82,3.36,1624
53.85,3.36,59478
53.88,3.37,-682
53.92,3.37,58708
53.95,3.37,63315
53.98,3.37,-1197
54.01,3.37,59217
54.04,3.38,63056
54.07,3.38,62799
54.11,3.38,58446
54.14,3.38,59725
54.17,3.38,1101
54.20,3.39,1100
54.23,3.39,61002
54.26,3.39,60489
54.29,3.39,62024
54.33,3.39,62791
54.36,3.40,1607
54.39,3.40,60741
54.42,3.40,57668
54.45,3.40,580
54.48,3.40,2883
54.51,3.41,63297
54.55,3.41,61248
54.58,3.41,-448
54.61,3.41,60222
54.64,3.41,63549
54.67,3.42,1597
54.70,3.42,63803
54.73,3.42,58682
54.76,3.42,62265
54.79,3.42,2105
54.83,3.43,61495
54.86,3.43,823
54.89,3.43,57141
54.92,3.43,-1227
54.95,3.43,-716
54.98,3.44,59698
55.02,3.44,2098
55.05,3.44,62256
55.08,3.44,-1488
55.11,3.44,60206
55.14,3.45,-1234
55.17,3.45,45
55.20,3.45,44
55.24,3.45,63018
55.27,3.45,58409
55.30,3.45,62248
55.33,3.46,2600
55.36,3.46,-729
55.39,3.46,2598
55.42,3.46,63012
55.46,3.46,804
55.49,3.47,35
55.52,3.47,55585
55.55,3.47,3105
55.58,3.47,61727
55.62,3.47,63006
55.65,3.48,62237
55.68,3.48,63260
55.71,3.48,61723
55.74,3.48,539
55.77,3.48,59929
55.80,3.49,60696
55.83,3.49,62743
55.87,3.49,62998
55.90,3.49,-1770
55.93,3.49,62740
55.96,3.50,788
55.99,3.50,63762
56.02,3.50,60177
56.05,3.50,3601
56.08,3.50,62991
56.12,3.51,62478
56.15,3.51,63245
56.18,3.51,62476
56.21,3.51,61963
56.24,3.51,3083
56.27,3.52,59657
56.31,3.52,3081
56.34,3.52,61191
56.37,3.52,-249
56.40,3.52,61957
56.43,3.53,1029
56.46,3.53,62211
56.50,3.53,-1021
56.53,3.53,3842
56.56,3.53,2049
56.59,3.54,59391
56.62,3.54,255
56.65,3.54,766
56.69,3.54,3581
56.72,3.54,58619
56.75,3.55,-5
56.78,3.55,63481
56.81,3.55,-775
56.84,3.55,60663
56.87,3.55,1527
56.90,3.56,63733
56.93,3.56,59636
56.97,3.56,7924
57.00,3.56,1779
57.05,3.56,-1550
57.08,3.57,-1551
57.11,3.57,-16
57.14,3.57,2543
57.17,3.57,-1810
57.20,3.57,1261
57.23,3.58,62699
57.26,3.58,60650
57.30,3.58,62953
57.33,3.58,745
57.36,3.58,-1560
57.39,3.59,61926
57.42,3.59,230
57.45,3.59,1509
57.48,3.59,-28
57.52,3.59,739
57.55,3.60,62945
57.58,3.60,-287
57.61,3.60,57567
57.64,3.60,58078
57.67,3.60,59869
57.70,3.61,63196
57.73,3.61,-548
57.76,3.61,62682
57.80,3.61,3034
57.83,3.61,1497
57.86,3.61,-1576
57.89,3.62,2007
57.92,3.62,1238
57.95,3.62,213
57.99,3.62,61139
58.02,3.62,-1581
58.05,3.63,62673
58.08,3.63,-815
58.11,3.63,58831
58.14,3.63,60622
58.17,3.63,62413
58.20,3.64,61900
58.24,3.64,62667
58.27,3.64,-1845
58.30,3.64,3786
58.33,3.64,62664
58.36,3.65,-1336
58.39,3.65,5831
58.42,3.65,-570
58.46,3.65,62404
58.49,3.65,2756
58.52,3.66,62914
58.55,3.66,60353
58.58,3.66,1217
58.61,3.66,2240
58.64,3.66,191
58.67,3.67,-578
58.70,3.67,189
58.74,3.67,-1604
58.77,3.67,60346
58.80,3.67,2234
58.83,3.68,-327
58.86,3.68,1720
58.89,3.68,58038
58.92,3.68,182
58.96,3.68,61364
58.99,3.69,2740
59.02,3.69,1203
59.05,3.69,-590
59.08,3.69,2993
59.11,3.69,-1360
59.14,3.70,63662
59.18,3.70,60845
59.21,3.70,61356
59.24,3.70,60331
59.27,3.70,5291
59.30,3.71,4266
59.33,3.71,62632
59.37,3.71,3752
59.40,3.71,5799
59.43,3.71,62885
59.46,3.72,-1883
59.49,3.72,59299
59.52,3.72,59810
59.56,3.72,-1374
59.59,3.72,59808
59.62,3.72,928
59.65,3.73,927
59.68,3.73,61597
59.71,3.73,4253
59.74,3.73,2972
59.78,3.73,58522
59.81,3.74,62873
59.84,3.74,665
59.87,3.74,60567
59.90,3.74,63382
59.93,3.74,-106
59.96,3.75,1685
60.00,3.75,61843
60.06,3.75,-1645
60.09,3.75,2450
60.12,3.76,-367
60.15,3.76,56207
60.18,3.76,57742
60.22,3.76,-882
60.25,3.76,2701
60.28,3.77,652
60.31,3.77,53386
60.34,3.77,906
60.37,3.77,62088
60.40,3.77,60807
60.44,3.78,2183
60.47,3.78,57733
60.50,3.78,62340
60.53,3.78,62595
60.56,3.78,62082
60.59,3.79,62849
60.62,3.79,2689
60.65,3.79,57727
60.68,3.79,62846
60.72,3.79,61053
60.75,3.80,58748
60.78,3.80,63099
60.81,3.80,1915
60.84,3.80,2938
60.87,3.80,62584
60.91,3.81,61559
60.94,3.81,375
60.97,3.81,54901
61.00,3.81,-1163
61.03,3.81,372
61.06,3.82,61810
61.09,3.82,61041
61.12,3.82,61808
61.16,3.82,4464
61.19,3.82,63342
61.22,3.82,622
61.25,3.83,60268
61.28,3.83,-1684
61.31,3.83,-1941
61.34,3.83,61545
61.38,3.83,1641
61.41,3.84,3176
61.44,3.84,62566
61.47,3.84,56421
61.50,3.84,59748
61.53,3.84,-668
61.56,3.85,61282
61.60,3.85,58977
61.63,3.85,60000
61.66,3.85,3680
61.69,3.85,1887
61.72,3.86,2910
61.75,3.86,63324
61.78,3.86,62043
61.81,3.86,63578
61.85,3.86,346
61.88,3.87,62296
61.91,3.87,-1448
61.94,3.87,57430
61.97,3.87,60757
62.00,3.87,61012
62.03,3.88,63059
62.06,3.88,339
62.10,3.88,3410
62.13,3.88,2385
62.16,3.88,57935
62.19,3.89,62542
62.22,3.89,334
62.25,3.89,62028
62.29,3.89,60747
62.32,3.89,-1205
62.35,3.90,-1974
62.38,3.90,61768
62.41,3.90,-184
62.44,3.90,839
62.47,3.90,4678
62.50,3.91,1861
62.54,3.91,3656
62.57,3.91,59718
62.60,3.91,43587
62.63,3.91,2113
62.66,3.92,57151
62.69,3.92,56126
62.72,3.92,61757
62.75,3.92,1341
62.79,3.92,3132
62.82,3.92,4411
62.85,3.93,2618
62.88,3.93,569
62.91,3.93,312
62.94,3.93,60470
62.97,3.93,566
63.00,3.94,-1995
63.04,3.94,60723
63.07,3.94,62514
63.10,3.94,1586
63.13,3.94,817
63.17,3.95,816
63.19,3.95,2351
63.22,3.95,61229
63.26,3.95,-467
63.29,3.95,59691
63.32,3.96,61738
63.35,3.96,59945
63.38,3.96,3369
63.41,3.96,61735
63.44,3.96,5927
63.47,3.97,59941
63.50,3.97,59940
63.54,3.97,62755
63.57,3.97,59938
63.60,3.97,1826
63.63,3.98,59936
63.66,3.98,3104
63.69,3.98,3103
63.72,3.98,63517
63.75,3.98,60188
63.79,3.99,63515
63.82,3.99,59930
63.85,3.99,-1510
63.88,3.99,61464
63.91,3.99,280
63.94,3.99,-2025
63.97,4.00,534
64.00,4.00,60180
64.04,4.00,60435
64.07,4.00,62994
64.10,4.00,-1774
64.13,4.01,17
64.16,4.01,62479
64.19,4.01,2575
64.22,4.01,1806
64.25,4.01,62988
64.29,4.02,61451
64.32,4.02,57098
64.35,4.02,61961
64.38,4.02,63240
64.41,4.02,2568
64.44,4.03,-1529
64.48,4.03,-1274
64.51,4.03,57860
64.54,4.03,61187
64.57,4.03,57858
64.60,4.04,-254
64.63,4.04,-1023
64.66,4.04,-768
64.70,4.04,62462
64.73,4.04,-2
64.76,4.05,63484
64.79,4.05,58363
64.82,4.05,1275
64.85,4.05,62201
64.88,4.05,59128
64.91,4.06,-1800
64.95,4.06,-1545
64.98,4.06,758
65.01,4.06,2037
65.04,4.06,-1292
65.07,4.07,-1293
65.11,4.07,754
65.14,4.07,497
65.17,4.07,5872
65.20,4.07,61934
65.23,4.08,-1298
65.26,4.08,61932
65.29,4.08,60395
65.33,4.08,62442
65.36,4.08,-1814
65.39,4.09,58600
65.42,4.09,59623
65.45,4.09,60902
65.48,4.09,60645
65.52,4.09,-2075
65.55,4.10,-1564
65.58,4.10,227
65.61,4.10,63201
65.64,4.10,3041
65.67,4.10,-1312
65.70,4.11,59102
65.73,4.11,62173
65.77,4.11,5085
65.80,4.11,2524
65.83,4.11,55258
65.86,4.11,4570
65.89,4.12,60632
65.92,4.12,3288
65.95,4.12,-809
65.99,4.12,60117
66.02,4.12,50900
66.05,4.13,62419
66.08,4.13,60882
66.11,4.13,978
66.14,4.13,5073
66.17,4.13,-2096
66.21,4.14,207
66.24,4.14,-1074
66.27,4.14,62668
66.30,4.14,-820
66.33,4.14,62410
66.36,4.15,62153
66.39,4.15,-1591
66.43,4.15,56775
66.46,4.15,61638
66.51,4.16,61125
66.54,4.16,7365
66.57,4.16,-572
66.60,4.16,1987
66.63,4.16,-1086
66.66,4.17,59328
66.69,4.17,58047
66.72,4.17,-577
66.76,4.17,59325
66.79,4.17,-1091
66.82,4.17,59835
66.85,4.18,63418
66.88,4.18,2234
66.91,4.18,63160
66.95,4.18,952
66.98,4.18,-1353
67.01,4.19,1718
67.04,4.19,3253
67.07,4.19,62643
67.10,4.19,62642
67.13,4.19,61617
67.17,4.20,4017
67.20,4.20,2992
67.23,4.20,3503
67.26,4.20,62637
67.29,4.20,59052
67.32,4.21,-1876
67.35,4.21,55466
67.39,4.21,56233
67.42,4.21,63144
67.45,4.21,59815
67.48,4.22,59558
67.51,4.22,56229
67.54,4.22,61604
67.57,4.22,61859
67.61,4.22,59042
67.64,4.23,59553
67.67,4.23,417
67.70,4.23,-1376
67.73,4.23,62110
67.76,4.23,63133
67.79,4.24,413
67.82,4.24,5276
67.86,4.24,59546
67.89,4.24,54425
67.92,4.24,60312
67.95,4.25,61591
67.98,4.25,62870
68.01,4.25,62613
68.04,4.25,59028
68.08,4.25,-1388
68.11,4.26,61074
68.14,4.26,58257
68.17,4.26,60816
68.20,4.26,61327
68.23,4.26,1423
68.26,4.27,-1138
68.30,4.27,3725
68.32,4.27,61323
68.36,4.27,61834
68.39,4.27,906
68.42,4.27,61320
68.45,4.28,1928
68.48,4.28,-121
68.51,4.28,1670
68.54,4.28,2693
68.58,4.28,-892
68.61,4.29,63106
68.64,4.29,54145
68.67,4.29,62336
68.70,4.29,128
68.73,4.29,61054
68.76,4.30,-1410
68.79,4.30,59772
68.83,4.30,59259
68.86,4.30,-1925
68.89,4.30,-1158
68.92,4.31,60792
68.95,4.31,52343
68.98,4.31,-137
69.02,4.31,1142
69.04,4.31,1141
69.08,4.32,62067
69.11,4.32,60786
69.14,4.32,-654
69.17,4.32,1137
69.20,4.32,-1936
69.23,4.33,61806
69.26,4.33,61805
69.29,4.33,621
69.32,4.33,60779
69.36,4.33,-405
69.39,4.34,58473
69.42,4.34,2153
69.45,4.34,5992
69.48,4.34,63334
69.51,4.34,63333
69.54,4.35,-1435
69.57,4.35,100
69.60,4.35,59234
69.64,4.35,-1182
69.67,4.35,353
69.70,4.35,-672
69.73,4.36,-929
69.76,4.36,61021
69.79,4.36,-931
69.83,4.36,63067
69.86,4.36,4955
69.89,4.37,1370
69.92,4.37,62040
69.95,4.37,2904
69.98,4.37,58198
70.01,4.37,-1194
70.05,4.38,59732
70.08,4.38,54355
70.11,4.38,59730
70.14,4.38,62289
70.17,4.38,57424
70.20,4.39,2896
70.23,4.39,61262
70.27,4.39,61261
70.30,4.39,61516
70.33,4.39,-2228
70.36,4.40,-1717
70.39,4.40,58697
70.42,4.40,-1463
70.45,4.40,-440
70.48,4.40,58950
70.52,4.41,60997
70.55,4.41,2629
70.58,4.41,61763
70.61,4.41,62530
70.64,4.41,834
70.67,4.42,59968
70.70,4.42,3392
70.73,4.42,6719
70.77,4.42,58429
70.80,4.42,2109
70.83,4.43,-1476
70.86,4.43,61754
70.89,4.43,63033
70.92,4.43,2105
70.95,4.43,59191
70.99,4.44,60214
71.02,4.44,566
71.05,4.44,-1227
71.08,4.44,2868
71.11,4.44,62258
71.14,4.45,59697
71.18,4.45,2097
71.21,4.45,2352
71.24,4.45,61998
71.27,4.45,1070
71.30,4.46,-467
71.33,4.46,58155
71.36,4.46,43
71.39,4.46,62249
71.43,4.46,60456
71.46,4.46,1064
71.49,4.47,-1753
71.52,4.47,61733
71.55,4.47,62500
71.58,4.47,57891
71.62,4.47,-1245
71.65,4.48,-1246
71.68,4.48,63008
71.71,4.48,55839
71.74,4.48,61470
71.77,4.48,798
71.81,4.49,62236
71.84,4.49,62491
71.87,4.49,58906
71.90,4.49,56089
71.93,4.49,25
71.96,4.50,2072
71.99,4.50,62742
72.02,4.50,60693
72.05,4.50,59412
72.09,4.50,-1004
72.12,4.51,275
72.15,4.51,3602
72.18,4.51,60176
72.21,4.51,272
72.24,4.51,3599
72.28,4.52,1294
72.31,4.52,4109
72.34,4.52,1036
72.37,4.52,60938
72.40,4.52,2314
72.43,4.53,1033
72.46,4.53,60679
72.50,4.53,-1017
72.53,4.53,62213
72.56,4.53,57092
72.59,4.54,59907
72.62,4.54,59650
72.65,4.54,2
72.69,4.54,257
72.72,4.54,-768
72.75,4.55,-1025
72.78,4.55,-258
72.81,4.55,2045
72.84,4.55,61691
72.87,4.55,-517
72.91,4.56,62713
72.94,4.56,61944
72.97,4.56,2808
73.00,4.56,61686
73.03,4.56,-1546
73.06,4.57,-267
73.10,4.57,60659
73.13,4.57,1011
73.16,4.57,1522
73.19,4.57,62960
73.22,4.58,61423
73.25,4.58,62702
73.29,4.58,58605
73.32,4.58,-2067
73.35,4.58,-532
73.38,4.58,60906
73.41,4.59,2538
73.44,4.59,-1815
73.47,4.59,-1816
73.51,4.59,-1305
73.54,4.59,-1306
73.57,4.60,2277
73.60,4.60,2276
73.63,4.60,-2333
73.66,4.60,226
73.69,4.60,-1311
73.72,4.61,61663
73.75,4.61,3807
73.79,4.61,63197
73.82,4.61,-1315
73.85,4.61,-36
73.88,4.62,57306
73.91,4.62,63193
73.94,4.62,63192
73.98,4.62,63191
74.01,4.62,-2089
74.04,4.63,470
74.07,4.63,63188
74.10,4.63,61139
74.13,4.63,723
74.16,4.63,-558
74.20,4.64,-1327
74.23,4.64,-816
74.26,4.64,58830
74.29,4.64,62669
74.32,4.64,59852
74.35,4.65,-1588
74.39,4.65,203
74.42,4.65,-566
74.45,4.65,-311
74.48,4.65,57799
74.51,4.66,62406
74.54,4.66,1478
74.57,4.66,-1851
74.60,4.66,59843
74.64,4.66,60866
74.67,4.67,1218
74.73,4.67,-2367
74.77,4.67,1728
74.79,4.67,63166
74.82,4.68,-322
74.85,4.68,62140
74.89,4.68,59835
74.92,4.68,60602
74.95,4.68,61881
74.98,4.68,1977
75.01,4.69,440
75.04,4.69,439
75.07,4.69,62901
75.11,4.69,-1355
75.14,4.69,-2380
75.17,4.70,2227
75.20,4.70,434
75.23,4.70,60336
75.26,4.70,688
75.29,4.70,1455
75.32,4.71,2734
75.36,4.71,55212
75.39,4.71,55723
75.42,4.71,1451
75.45,4.71,59561
75.48,4.72,-1879
75.51,4.72,2728
75.55,4.72,-1881
75.58,4.72,60069
75.61,4.72,677
75.64,4.73,62115
75.67,4.73,419
75.70,4.73,2210
75.74,4.73,-2399
75.77,4.73,416
75.80,4.74,-865
75.83,4.74,58781
75.86,4.74,60316
75.89,4.74,924
75.92,4.74,-101
75.96,4.75,61081
75.99,4.75,1177
76.02,4.75,-616
76.05,4.75,407
76.08,4.75,60309
76.11,4.76,62100
76.14,4.76,56723
76.18,4.76,56466
76.21,4.76,60305
76.24,4.76,62864
76.27,4.77,-1648
76.30,4.77,55950
76.33,4.77,1934
76.36,4.77,653
76.40,4.77,-628
76.43,4.78,63114
76.46,4.78,2186
76.49,4.78,137
76.52,4.78,62855
76.55,4.78,4743
76.58,4.79,59013
76.61,4.79,-1915
76.65,4.79,61571
76.68,4.79,3203
76.71,4.79,58497
76.74,4.80,-127
76.77,4.80,128
76.80,4.80,-1665
76.84,4.80,3198
76.87,4.80,63100
76.90,4.80,58747
76.93,4.81,-1157
76.96,4.81,1146
76.99,4.81,61816
77.02,4.81,-904
77.05,4.81,59766
77.09,4.82,62069
77.12,4.82,58740
77.15,4.82,-1420
77.18,4.82,3699
77.21,4.82,58737
77.24,4.83,58224
77.28,4.83,58479
77.32,4.83,62318
77.39,4.84,-1682
77.42,4.84,60524
77.45,4.84,58219
77.48,4.84,-1941
77.51,4.84,-1174
77.54,4.85,-151
77.58,4.85,60263
77.61,4.85,-2201
77.64,4.85,61029
77.67,4.85,59236
77.70,4.85,57699
77.73,4.86,61026
77.76,4.86,866
77.79,4.86,61536
77.82,4.86,61023
77.85,4.86,-673
77.89,4.87,-930
77.92,4.87,62300
77.95,4.87,60763
77.98,4.87,-1445
78.01,4.87,61529
78.05,4.88,-1191
78.08,4.88,61527
78.11,4.88,55638
78.14,4.88,61525
78.17,4.88,62804
78.20,4.89,-1452
78.23,4.89,-2477
78.26,4.89,56401
78.30,4.89,59216
78.33,4.89,-1968
78.36,4.90,-1457
78.39,4.90,63053
78.42,4.90,1101
78.45,4.90,-1972
78.49,4.90,59722
78.52,4.91,62537
78.55,4.91,61512
78.58,4.91,584
78.61,4.91,62534
78.64,4.91,2886
78.67,4.92,-1723
78.71,4.92,62787
78.74,4.92,57666
78.77,4.92,62785
78.80,4.92,62784
78.83,4.93,60223
78.86,4.93,-961
78.89,4.93,-962
78.93,4.93,62524
78.96,4.93,-964
78.99,4.94,62010
79.02,4.94,-2502
79.05,4.94,60472
79.08,4.94,59703
79.11,4.94,311
79.15,4.95,59701
79.18,4.95,-715
79.21,4.95,2612
79.24,4.95,60978
79.27,4.95,-2254
79.30,4.96,62512
79.35,4.96,2096
79.38,4.96,-1233
79.41,4.96,61485
79.45,4.96,557
79.48,4.97,61739
79.51,4.97,58922
79.54,4.97,61225
79.57,4.97,61992
79.60,4.97,60199
79.64,4.98,59686
79.67,4.98,58917
79.70,4.98,-2011
79.73,4.98,-476
79.76,4.98,2595
79.79,4.99,802
79.82,4.99,61728
79.86,4.99,32
79.89,4.99,-2529
79.92,4.99,63005
79.95,5.00,61468
79.98,5.00,-2532
80.01,5.00,-2533
80.04,5.00,61721
80.07,5.00,60696
80.10,5.01,59415
80.14,5.01,62486
80.17,5.01,62741
80.20,5.01,59156
80.23,5.01,20
80.26,5.02,62482
80.29,5.02,274
80.32,5.02,62992
80.36,5.02,784
80.39,5.02,60686
80.42,5.02,-1266
80.45,5.03,-2035
80.48,5.03,62219
80.51,5.03,61450
80.55,5.03,10
80.58,5.03,58120
80.61,5.04,-1528
80.64,5.04,55558
80.67,5.04,61189
80.70,5.04,-1787
80.73,5.04,1028
80.77,5.05,1795
80.79,5.05,59393
80.83,5.05,59136
80.86,5.05,61695
80.89,5.05,511
80.92,5.06,58365
80.95,5.06,61948
80.98,5.06,2044
81.02,5.06,1275
81.05,5.06,-1542
81.08,5.07,-2055
81.11,5.07,-1544
81.14,5.07,58102
81.18,5.07,59637
81.20,5.07,1269
81.24,5.08,61171
81.27,5.08,-2573
81.30,5.08,498
81.33,5.08,-783
81.36,5.08,496
81.39,5.09,62958
81.42,5.09,-2322
81.45,5.09,61676
81.49,5.09,-2580
81.52,5.09,-2581
81.55,5.10,60649
81.58,5.10,59624
81.61,5.10,61671
81.65,5.10,60390
81.68,5.10,-26
81.71,5.11,61924
81.74,5.11,-2332
81.77,5.11,62946
81.80,5.11,54497
81.83,5.11,61920
81.87,5.12,-1568
81.90,5.12,58846
81.93,5.12,3550
81.96,5.12,477
81.99,5.12,-292
82.02,5.13,-2085
82.05,5.13,60889
82.08,5.13,-2343
82.12,5.13,61655
82.15,5.13,-2345
82.18,5.13,62933
82.21,5.14,-2603
82.24,5.14,62931
82.27,5.14,-1837
82.30,5.14,2770
82.34,5.14,59600
82.37,5.15,464
82.40,5.15,-2097
82.43,5.15,61133
82.46,5.15,60620
82.50,5.15,62411
82.53,5.16,-1333
82.56,5.16,57289
82.59,5.16,-55
82.62,5.16,62151
82.65,5.16,199
82.68,5.17,60869
82.71,5.17,61380
82.75,5.17,58819
82.78,5.17,-1597
82.81,5.17,61633
82.84,5.18,60352
82.87,5.18,60607
82.90,5.18,59070
82.93,5.18,61885
82.96,5.18,62908
83.00,5.19,-2628
83.03,5.19,187
83.06,5.19,-326
83.09,5.19,-1863
83.12,5.19,-2632
83.15,5.20,-1353
83.19,5.20,62133
83.22,5.20,5045
83.25,5.20,61875
83.28,5.20,-2125
83.31,5.21,5298
83.34,5.21,1969
83.37,5.21,-2128
83.41,5.21,-849
83.44,5.21,61869
83.47,5.22,62892
83.50,5.22,62123
83.53,5.22,-2389
83.56,5.22,938
83.60,5.22,-2647
83.63,5.23,62119
83.66,5.23,-1881
83.69,5.23,-2650
83.72,5.23,61092
83.75,5.23,-604
83.78,5.24,61602
83.82,5.24,162
83.85,5.24,61088
83.88,5.24,59551
83.91,5.24,-1889
83.94,5.24,-1890
83.97,5.25,-867
84.00,5.25,60571
84.03,5.25,56474
84.07,5.25,6810
84.10,5.25,59800
84.13,5.26,58519
84.16,5.26,-2665
84.19,5.26,-106
84.22,5.26,661
84.26,5.26,-1644
84.29,5.27,2451
84.32,5.27,1682
84.35,5.27,-623
84.38,5.27,656
84.41,5.27,-1649
84.45,5.28,2958
84.48,5.28,-1139
84.51,5.28,59787
84.54,5.28,59786
84.57,5.28,59017
84.60,5.29,62856
84.63,5.29,59015
84.66,5.29,60294
84.70,5.29,58245
84.73,5.29,56964
84.76,5.30,-1660
84.79,5.30,61058
84.82,5.30,60289
84.85,5.30,-1919
84.88,5.30,-640
84.91,5.31,62846
84.95,5.31,-1410
84.98,5.31,-2691
85.01,5.31,-2180
85.04,5.31,62074
85.07,5.32,-1926
85.10,5.32,62584
85.14,5.32,59511
85.17,5.32,-2441
85.20,5.32,62837
85.23,5.33,61812
85.26,5.33,628
85.29,5.33,-1677
85.32,5.33,61809
85.36,5.33,113
85.39,5.34,-912
85.42,5.34,62830
85.45,5.34,61293
85.48,5.34,62828
85.51,5.34,56427
85.55,5.35,58218
85.58,5.35,-1174
85.61,5.35,1385
85.64,5.35,62567
85.67,5.35,-2457
85.70,5.36,5734
85.73,5.36,-1435
85.76,5.36,-1180
85.80,5.36,-1437
85.83,5.36,57953
85.86,5.36,-2207
85.89,5.37,60255
85.92,5.37,-929
85.95,5.37,6238
85.98,5.37,2909
86.02,5.37,60507
86.05,5.38,5211
86.08,5.38,58457
86.11,5.38,57432
86.14,5.38,61271
86.17,5.38,-169
86.21,5.39,58965
86.24,5.39,-1451
86.27,5.39,62803
86.30,5.39,-941
86.33,5.39,61521
86.36,5.40,61264
86.40,5.40,-2480
86.43,5.40,60494
86.46,5.40,-690
86.49,5.40,59212
86.52,5.41,61515
86.55,5.41,60746
86.58,5.41,57673
86.62,5.41,-1975
86.65,5.41,58183
86.68,5.42,-2233
86.71,5.42,-442
86.74,5.42,-2747
86.77,5.42,1348
86.80,5.42,58178
86.83,5.43,60737
86.87,5.43,-1215
86.90,5.43,58943
86.93,5.43,60990
86.96,5.43,-2242
86.99,5.44,-707
87.02,5.44,58427
87.05,5.44,-965
87.09,5.44,314
87.12,5.44,-1479
87.15,5.45,-2504
87.18,5.45,58166
87.21,5.45,61493
87.24,5.45,-2251
87.27,5.45,3124
87.30,5.46,58930
87.33,5.46,60721
87.37,5.46,59440
87.40,5.46,57135
87.43,5.46,1327
87.46,5.46,61229
87.49,5.47,-1491
87.52,5.47,60459
87.55,5.47,-2005
87.59,5.47,59689
87.62,5.47,-727
87.65,5.48,61991
87.68,5.48,-2521
87.71,5.48,60197
87.74,5.48,-1243
87.77,5.48,-988
87.80,5.49,58914
87.84,5.49,58401
87.87,5.49,57632
87.90,5.49,-1248
87.93,5.49,-2273
87.96,5.50,-1762
87.99,5.50,58140
88.02,5.50,61723
88.06,5.50,60954
88.09,5.50,-486
88.12,5.51,3609
88.15,5.51,2072
88.18,5.51,791
88.21,5.51,59925
88.25,5.51,21
88.28,5.52,61203
88.31,5.52,5651
88.34,5.52,60433
88.37,5.52,1553
88.40,5.52,-1520
88.45,5.53,60430
88.48,5.53,57101
88.51,5.53,59916
88.54,5.53,268
88.57,5.53,6923
88.60,5.54,-2294
88.63,5.54,62216
88.66,5.54,-760
88.70,5.54,57862
88.73,5.54,-2810
88.76,5.55,60676
88.79,5.55,58371
88.82,5.55,60674
88.85,5.55,2
88.88,5.55,1793
88.92,5.56,61695
88.95,5.56,-1025
88.98,5.56,-770
89.01,5.56,59388
89.04,5.56,61179
89.07,5.57,2043
89.11,5.57,-774
89.14,5.57,57848
89.17,5.57,62711
89.20,5.57,59382
89.23,5.58,-2058
89.26,5.58,62452
89.30,5.58,-2316
89.33,5.58,-13
89.36,5.58,58353
89.39,5.59,57072
89.42,5.59,-272
89.45,5.59,239
89.49,5.59,-2834
89.52,5.59,61164
89.55,5.60,-1300
89.58,5.60,2283
89.61,5.60,-278
89.64,5.60,58856
89.67,5.60,60391
89.71,5.61,-793
89.74,5.61,1254
89.77,5.61,58596
89.80,5.61,-2332
89.83,5.61,62434
89.86,5.62,2530
89.89,5.62,56800
89.93,5.62,-32
89.96,5.62,55006
89.99,5.62,4062
90.02,5.63,-35
90.05,5.63,55515
90.08,5.63,61402
90.11,5.63,-38
90.14,5.63,-1831
90.18,5.63,-2856
90.21,5.64,-809
90.24,5.64,1238
90.27,5.64,62164
90.30,5.64,60115
90.33,5.64,58578
90.36,5.65,59345
90.40,5.65,1233
90.43,5.65,4304
90.46,5.65,-1841
90.49,5.65,-2610
90.52,5.66,-2099
90.55,5.66,62667
90.59,5.66,60618
90.62,5.66,58057
90.65,5.66,60872
90.68,5.67,-2872
90.71,5.67,55750
90.74,5.67,60869
90.77,5.67,1733
90.81,5.67,58051
90.84,5.68,-829
90.87,5.68,3266
90.90,5.68,-2111
90.93,5.68,59839
90.96,5.68,57022
91.00,5.69,-834
91.03,5.69,3005
91.06,5.69,-836
91.09,5.69,60858
91.12,5.69,60857
91.15,5.70,57784
91.18,5.70,61879
91.22,5.70,439
91.25,5.70,61621
91.28,5.70,-75
91.31,5.71,62643
91.34,5.71,-2125
91.37,5.71,58801
91.42,5.71,60080
91.45,5.71,61359
91.48,5.72,431
91.51,5.72,942
91.55,5.72,-1107
91.58,5.72,59819
91.61,5.72,-1877
91.64,5.73,62121
91.67,5.73,425
91.70,5.73,680
91.73,5.73,61862
91.77,5.73,1446
91.80,5.74,-2139
91.83,5.74,58531
91.86,5.74,1699
91.89,5.74,-2398
91.92,5.74,-1119
91.95,5.75,1440
91.99,5.75,4767
92.02,5.75,62621
92.05,5.75,925
92.08,5.75,-868
92.11,5.76,60058
92.14,5.76,61337
92.17,5.76,62616
92.21,5.76,-1640
92.24,5.76,-2665
92.27,5.77,-1386
92.30,5.77,-2923
92.33,5.77,-1132
92.36,5.77,-1901
92.40,5.77,2450
92.43,5.78,62352
92.46,5.78,-1648
92.49,5.78,58766
92.52,5.78,62605
92.55,5.78,-1395
92.59,5.79,396
92.62,5.79,395
92.65,5.79,62089
92.68,5.79,-2167
92.71,5.79,59271
92.74,5.80,61318
92.77,5.80,-1146
92.80,5.80,1925
92.84,5.80,59779
92.87,5.80,-2941
92.90,5.81,-2174
92.93,5.81,-2175
92.96,5.81,59263
92.99,5.81,2175
93.03,5.81,60541
93.06,5.81,58236
93.09,5.82,62075
93.12,5.82,1147
93.15,5.82,59769
93.18,5.82,-647
93.21,5.82,-2184
93.25,5.83,60790
93.28,5.83,59765
93.31,5.83,-1675
93.34,5.83,-908
93.37,5.83,-1933
93.41,5.84,60017
93.44,5.84,113
93.47,5.84,3184
93.50,5.84,62318
93.53,5.84,-2962
93.56,5.85,365
93.59,5.85,-2708
93.63,5.85,-1941
93.66,5.85,56681
93.69,5.85,61800
93.72,5.86,60263
93.75,5.86,62054
93.78,5.86,-2202
93.81,5.86,1381
93.84,5.86,-1180
93.87,5.87,58978
93.91,5.87,61793
93.94,5.87,53088
93.97,5.87,56415
94.00,5.87,61278
94.03,5.88,61277
94.06,5.88,62300
94.09,5.88,60251
94.13,5.88,61786
94.16,5.88,2138
94.19,5.89,345
94.22,5.89,55895
94.25,5.89,58966
94.28,5.89,55125
94.31,5.89,59220
94.35,5.90,61523
94.38,5.90,-1453
94.41,5.90,59985
94.44,5.90,2385
94.47,5.90,1360
94.50,5.91,61518
94.53,5.91,57421
94.57,5.91,55116
94.60,5.91,59723
94.65,5.91,61770
94.68,5.92,61769
94.71,5.92,1353
94.74,5.92,4168
94.77,5.92,-2489
94.81,5.92,-442
94.84,5.93,58180
94.87,5.93,836
94.90,5.93,-189
94.93,5.93,4162
94.96,5.93,56384
94.99,5.94,-2240
95.02,5.94,60734
95.06,5.94,60221
95.09,5.94,62012
95.12,5.94,-2244
95.15,5.95,-1989
95.18,5.95,58425
95.21,5.95,825
95.24,5.95,-2760
95.28,5.95,61238
95.31,5.96,62517
95.34,5.96,58932
95.37,5.96,1588
95.40,5.96,54322
95.43,5.96,57905
95.46,5.97,-2511
95.50,5.97,2352
95.53,5.97,61230
95.56,5.97,60461
95.59,5.97,59180
95.62,5.97,-2004
95.65,5.98,62506
95.68,5.98,1066
95.71,5.98,2089
95.75,5.98,-2008
95.78,5.98,53798
95.81,5.99,550
95.84,5.99,1061
95.87,5.99,4900
95.90,5.99,57634
95.94,5.99,60961
95.97,6.00,59424
96.00,6.00,61983
96.03,6.00,-737
96.06,6.00,57629
96.09,6.00,-2787
96.12,6.01,-740
96.16,6.01,1307
96.19,6.01,-2790
96.22,6.01,61464
96.25,6.01,61975
96.28,6.02,60950
96.31,6.02,5654
96.34,6.02,2325
96.37,6.02,62227
96.41,6.02,62226
96.44,6.03,-1518
96.47,6.03,59408
96.50,6.03,3600
96.53,6.03,57102
96.56,6.03,61453
96.59,6.04,-2803
96.63,6.04,-500
96.66,6.04,58378
96.69,6.04,62473
96.72,6.04,-2807
96.75,6.05,-2040
96.78,6.05,59398
96.81,6.05,-3066
96.84,6.05,-2811
96.88,6.05,60675
96.91,6.06,-3069
96.94,6.06,59649
96.97,6.06,-511
97.00,6.06,60927
97.03,6.06,-2561
97.06,6.07,62205
97.09,6.07,-771
97.13,6.07,61947
97.16,6.07,-261
97.19,6.07,506
97.22,6.07,-519
97.25,6.08,61431
97.28,6.08,61942
97.31,6.08,57333
97.34,6.08,-11
97.38,6.08,756
97.42,6.09,-269
97.46,6.09,-3086
97.49,6.09,59120
97.52,6.09,4336
97.55,6.10,4591
97.58,6.10,-786
97.61,6.10,60396
97.64,6.10,-1556
97.68,6.10,4075
97.71,6.11,234
97.74,6.11,61672
97.77,6.11,232
97.80,6.11,-1561
97.83,6.11,56293
97.86,6.12,59108
97.89,6.12,2276
97.93,6.12,-2333
97.96,6.12,60641
97.99,6.12,58848
98.02,6.13,60127
98.05,6.13,-1569
98.09,6.13,-3106
98.12,6.13,-3107
98.15,6.13,60891
98.18,6.13,60122
98.21,6.14,57561
98.24,6.14,56024
98.27,6.14,58583
98.31,6.14,-2601
98.34,6.14,59349
98.37,6.15,60884
98.40,6.15,-1580
98.43,6.15,467
98.46,6.15,59345
98.49,6.15,60880
98.52,6.16,-2352
98.56,6.16,3023
98.59,6.16,-306
98.62,6.16,56268
98.65,6.16,-2612
98.68,6.17,-1333
98.71,6.17,60361
98.74,6.17,-3127
98.77,6.17,200
98.81,6.17,1223
98.84,6.18,55749
98.87,6.18,453
98.90,6.18,-828
98.93,6.18,60866
98.96,6.18,194
98.99,6.19,-3135
99.02,6.19,59327
99.06,6.19,-2881
99.09,6.19,1726
99.12,6.19,445
99.15,6.20,62395
99.18,6.20,61114
99.21,6.20,-2374
99.25,6.20,-327
99.28,6.20,59575
99.31,6.21,1207
99.34,6.21,62389
99.37,6.21,181
99.40,6.21,60851
99.43,6.21,-2125
99.47,6.22,59825
99.50,6.22,59312
99.53,6.22,59311
99.56,6.22,60078
99.59,6.22,53421
99.62,6.23,57772
99.65,6.23,57771
99.69,6.23,61866
99.72,6.23,61865
99.75,6.23,58024
99.78,6.23,58791
99.81,6.24,61094
99.84,6.24,59301
99.87,6.24,1445
99.90,6.24,-2908
99.94,6.24,675
99.97,6.25,-606
100.00,6.25,-3167
100.03,6.25,-1632
100.06,6.25,-1633
100.09,6.25,4766
100.12,6.26,62108
100.15,6.26,-2148
100.18,6.26,-2661
100.21,6.26,60569
100.25,6.26,1945
100.28,6.27,60055
100.31,6.27,2199
100.34,6.27,662
100.39,6.27,1685
100.42,6.27,660
100.45,6.28,60818
100.48,6.28,4498
100.51,6.28,61584
100.54,6.28,-2416
100.57,6.28,61582
100.61,6.29,1934
100.64,6.29,62092
100.67,6.29,58763
100.70,6.29,62090
100.73,6.29,-1654
100.76,6.30,59528
100.79,6.30,61575
100.82,6.30,4487
100.86,6.30,390
100.89,6.30,901
100.92,6.31,-636
100.95,6.31,61570
100.98,6.31,4482
101.01,6.31,60544
101.04,6.31,-384
101.08,6.32,57726
101.11,6.32,382
101.14,6.32,56188
101.17,6.32,-132
101.20,6.32,61562
101.23,6.33,2170
101.27,6.33,60280
101.30,6.33,62071
101.33,6.33,55670
101.36,6.33,-394
101.39,6.34,-2699
101.42,6.34,60787
101.45,6.34,3187
101.49,6.34,-1678
101.52,6.34,-1679
101.55,6.35,368
101.58,6.35,1391
101.61,6.35,1134
101.64,6.35,62060
101.68,6.35,61291
101.71,6.36,-2709
101.74,6.36,59497
101.77,6.36,-2455
101.80,6.36,61031
101.83,6.36,-1433
101.86,6.37,-1178
101.90,6.37,58468
101.93,6.37,55395
101.96,6.37,3683
101.99,6.37,-1438
102.02,6.38,-2463
102.05,6.38,-1184
102.09,6.38,-2209
102.12,6.38,-674
102.15,6.38,-2211
102.18,6.38,60251
102.21,6.39,59226
102.24,6.39,-1958
102.27,6.39,-2215
102.31,6.39,-2216
102.34,6.39,62294
102.37,6.40,-1194
102.40,6.40,58452
102.43,6.40,2388
102.46,6.40,59218
102.50,6.40,-174
102.53,6.41,61264
102.56,6.41,-2736
102.59,6.41,58702
102.62,6.41,-946
102.65,6.41,-947
102.68,6.42,62283
102.72,6.42,-2997
102.75,6.42,59209
102.78,6.42,-2743
102.81,6.42,-952
102.84,6.43,1607
102.87,6.43,3142
102.90,6.43,61508
102.94,6.43,62275
102.97,6.43,56898
103.00,6.44,60225
103.03,6.44,1345
103.06,6.44,56383
103.09,6.44,59198
103.12,6.44,-2242
103.15,6.45,-2243
103.18,6.45,59707
103.21,6.45,3899
103.25,6.45,59449
103.28,6.45,60728
103.31,6.46,-200
103.34,6.46,61238
103.37,6.46,61749
103.40,6.46,-3019
103.43,6.46,58419
103.47,6.47,-1997
103.50,6.47,-974
103.53,6.47,-975
103.56,6.47,-1744
103.59,6.47,-3025
103.62,6.48,10286
103.66,6.48,2605
103.69,6.48,56107
103.72,6.48,62250
103.75,6.48,298
103.78,6.48,41
103.81,6.49,-472
103.84,6.49,-2521
103.87,6.49,550
103.91,6.49,61732
103.94,6.49,292
103.97,6.50,-3037
104.00,6.50,56097
104.03,6.50,801
104.06,6.50,3616
104.10,6.50,62238
104.13,6.51,54301
104.16,6.51,-2787
104.19,6.51,54043
104.22,6.51,-2789
104.25,6.51,57113
104.29,6.52,-2279
104.32,6.52,62231
104.35,6.52,-1257
104.38,6.52,-3306
104.41,6.52,60948
104.44,6.53,59923
104.48,6.53,-1005
104.51,6.53,-1774
104.54,6.53,57872
104.57,6.53,57871
104.60,6.54,61454
104.63,6.54,270
104.66,6.54,-2547
104.69,6.54,-3060
104.73,6.54,-1525
104.76,6.55,2314
104.79,6.55,-1527
104.82,6.55,57095
104.85,6.55,62214
104.88,6.55,774
104.91,6.56,59396
104.95,6.56,-1276
104.98,6.56,58626
105.01,6.56,56833
105.04,6.56,59904
105.07,6.57,60159
105.10,6.57,-1025
105.14,6.57,-2562
105.17,6.57,-3
105.20,6.57,-2820
105.23,6.58,58618
105.26,6.58,-518
105.29,6.58,61944
105.32,6.58,-520
105.36,6.58,61430
105.39,6.59,-2570
105.42,6.59,59892
105.45,6.59,500
105.48,6.59,59634
105.51,6.59,60401
105.54,6.60,62192
105.58,6.60,59887
105.61,6.60,60398
105.64,6.60,-2578
105.67,6.60,60396
105.70,6.60,-1300
105.73,6.61,60138
105.76,6.61,-2582
105.79,6.61,-791
105.83,6.61,-2840
105.86,6.61,59110
105.89,6.62,-538
105.92,6.62,-1563
105.95,6.62,-2588
105.99,6.62,-2077
106.02,6.62,-3358
106.05,6.63,-543
106.08,6.63,61407
106.11,6.63,61918
106.14,6.63,-3106
106.17,6.63,59356
106.20,6.64,1500
106.23,6.64,219
106.29,6.64,61401
106.31,6.64,58584
106.35,6.65,59095
106.38,6.65,58582
106.41,6.65,60117
106.44,6.65,56788
106.47,6.65,4052
106.50,6.65,60882
106.53,6.66,-3118
106.56,6.66,58064
106.60,6.66,55759
106.63,6.66,59854
106.66,6.66,-1074
106.69,6.67,61132
106.72,6.67,-3124
106.75,6.67,6091
106.78,6.67,-1590
106.82,6.67,-2103
106.85,6.68,60359
106.88,6.68,6343
106.91,6.68,60613
106.94,6.68,61636
106.97,6.68,-2364
107.01,6.69,451
107.04,6.69,-62
107.07,6.69,61632
107.10,6.69,-1856
107.13,6.69,447
107.16,6.70,-3138
107.19,6.70,56764
107.22,6.70,-3396
107.25,6.70,60346
107.29,6.70,56761
107.32,6.71,-71
107.35,6.71,-584
107.38,6.71,55990
107.41,6.71,-2890
107.45,6.71,-587
107.47,6.72,-1612
107.51,6.72,691
107.54,6.72,-2894
107.57,6.72,-1871
107.60,6.72,58799
107.63,6.73,58030
107.66,6.73,61869
107.69,6.73,60844
107.72,6.73,1196
107.75,6.73,5291
107.79,6.74,2218
107.82,6.74,61864
107.85,6.74,61863
107.88,6.74,59558
107.91,6.74,48549
107.94,6.75,-1371
107.97,6.75,57507
108.01,6.75,59298
108.04,6.75,-2398
108.07,6.75,55712
108.10,6.76,60575
108.13,6.76,2463
108.16,6.76,-1890
108.19,6.76,58012
108.23,6.76,55451
108.26,6.76,56730
108.29,6.77,154
108.32,6.77,57496
108.35,6.77,-2152
108.38,6.77,60822
108.41,6.77,58005
108.45,6.78,5013
108.48,6.78,404
108.51,6.78,61842
108.54,6.78,61073
108.57,6.78,1425
108.60,6.79,60303
108.63,6.79,-1905
108.66,6.79,61325
108.70,6.79,59788
108.73,6.79,-2932
108.76,6.80,1931
108.79,6.80,60809
108.82,6.80,-3191
108.85,6.80,-632
108.88,6.80,-1657
108.92,6.81,59013
108.95,6.81,-1403
108.98,6.81,58499
109.01,6.81,61826
109.04,6.81,130
109.08,6.82,897
109.10,6.82,-2688
109.14,6.82,61054
109.17,6.82,-1154
109.20,6.82,637
109.23,6.83,1660
109.26,6.83,60026
109.29,6.83,-1926
109.32,6.83,60536
109.36,6.83,-2440
109.39,6.84,61558
109.42,6.84,62069
109.45,6.84,-1419
109.48,6.84,-2444
109.51,6.84,57714
109.54,6.85,-2446
109.57,6.85,60528
109.61,6.85,-1680
109.64,6.85,55150
109.67,6.85,-3474
109.70,6.85,51820
109.73,6.86,51051
109.76,6.86,619
109.79,6.86,61033
109.82,6.86,58728
109.86,6.86,61031
109.89,6.87,-665
109.92,6.87,55141
109.95,6.87,60004
109.98,6.87,612
110.01,6.87,1379
110.05,6.88,-2974
110.08,6.88,60768
110.11,6.88,60511
110.14,6.88,-161
110.17,6.88,-3234
110.20,6.89,-419
110.23,6.89,59483
110.27,6.89,-2725
110.30,6.89,1370
110.33,6.89,-3239
110.36,6.90,50519
110.39,6.90,59990
110.42,6.90,-1962
110.46,6.90,57940
110.48,6.90,-172
110.52,6.91,-941
110.55,6.91,-1454
110.58,6.91,3153
110.61,6.91,57679
110.64,6.91,60750
110.67,6.92,57677
110.70,6.92,58700
110.74,6.92,1868
110.77,6.92,-2741
110.80,6.92,59209
110.83,6.93,-183
110.86,6.93,-3512
110.89,6.93,56134
110.92,6.93,60997
110.95,6.93,60740
110.98,6.94,68
111.02,6.94,1091
111.05,6.94,-1726
111.08,6.94,-1471
111.11,6.94,-3008
111.14,6.95,319
111.17,6.95,1854
111.21,6.95,61244
111.24,6.95,61499
111.27,6.95,-3269
111.30,6.95,59705
111.33,6.96,61496
111.36,6.96,2360
111.39,6.96,55862
111.45,6.96,59957
111.47,6.97,54580
111.50,6.97,58163
111.53,6.97,60722
111.56,6.97,53809
111.60,6.97,-2767
111.63,6.98,1840
111.66,6.98,60718
111.69,6.98,59693
111.72,6.98,57900
111.75,6.98,59947
111.78,6.99,59434
111.82,6.99,58921
111.85,6.99,59688
111.88,6.99,-3288
111.91,6.99,1319
111.94,6.99,-1754
111.97,7.00,55076
112.00,7.00,1316
112.03,7.00,-3549
112.07,7.00,60705
112.10,7.00,61984
112.13,7.01,288
112.16,7.01,-225
112.19,7.01,-226
112.22,7.01,52508
112.25,7.01,-2020
112.28,7.02,3867
112.32,7.02,-3558
112.35,7.02,793
112.38,7.02,55831
112.41,7.02,60694
112.44,7.03,60949
112.47,7.03,60436
112.50,7.03,59667
112.53,7.03,61970
112.57,7.03,61201
112.60,7.04,57104
112.63,7.04,-3312
112.66,7.04,-1009
112.69,7.04,57357
112.73,7.04,57100
112.76,7.05,-3316
112.79,7.05,779
112.82,7.05,-1526
112.85,7.05,-759
112.88,7.05,60423
112.91,7.06,-249
112.94,7.06,57093
112.97,7.06,-1275
113.01,7.06,4100
113.04,7.06,1795
113.07,7.07,1538
113.10,7.07,-3583
113.13,7.07,-2304
113.17,7.07,-2049
113.20,7.07,1022
113.23,7.08,-1283
113.26,7.08,-3588
113.29,7.08,57850
113.32,7.08,-3334
113.35,7.08,55800
113.38,7.09,59127
113.42,7.09,60918
113.45,7.09,59893
113.48,7.09,59124
113.51,7.09,60403
113.54,7.10,-525
113.57,7.10,58865
113.60,7.10,60400
113.64,7.10,-2832
113.67,7.10,-3345
113.70,7.10,-3346
113.73,7.11,-2835
113.76,7.11,58347
113.79,7.11,60650
113.82,7.11,-3606
113.85,7.11,1001
113.89,7.12,744
113.92,7.12,6631
113.95,7.12,230
113.98,7.12,-1563
114.01,7.12,-2588
114.04,7.13,-1053
114.07,7.13,59105
114.11,7.13,-543
114.14,7.13,57567
114.17,7.13,61918
114.20,7.14,59613
114.23,7.14,61916
114.26,7.14,59867
114.29,7.14,-2853
114.32,7.14,60121
114.36,7.15,57816
114.39,7.15,984
114.42,7.15,1239
114.45,7.15,-2858
114.48,7.15,59604
114.51,7.16,-3628
114.54,7.16,-2093
114.58,7.16,-3118
114.63,7.16,60624
114.66,7.16,59855
114.69,7.17,58830
114.72,7.17,-50
114.75,7.17,-2099
114.78,7.17,-2612
114.81,7.17,60362
114.84,7.18,59337
114.88,7.18,57032
114.91,7.18,51911
114.94,7.18,58566
114.97,7.18,1478
115.00,7.19,-2107
115.03,7.19,-572
115.07,7.19,-2621
115.10,7.19,-3390
115.13,7.19,1985
115.16,7.20,57279
115.19,7.20,61374
115.22,7.20,-3394
115.25,7.20,-3139
115.29,7.20,59835
115.32,7.21,58810
115.35,7.21,61369
115.38,7.21,60088
115.41,7.21,54967
115.44,7.21,-1865
115.47,7.22,-1098
115.51,7.22,-2123
115.54,7.22,692
115.57,7.22,60850
115.60,7.22,58545
115.63,7.23,61872
115.66,7.23,61359
115.69,7.23,59566
115.72,7.23,61613
115.75,7.23,60844
115.79,7.24,61867
115.82,7.24,-1621
115.85,7.24,-3158
115.88,7.24,-87
115.91,7.24,58791
115.94,7.25,-2905
115.97,7.25,3494
116.00,7.25,58788
116.04,7.25,59811
116.07,7.25,56994
116.10,7.25,-2910
116.13,7.26,59040
116.16,7.26,160
116.19,7.26,60318
116.22,7.26,58525
116.26,7.26,61596
116.29,7.27,52635
116.32,7.27,1179
116.35,7.27,61849
116.38,7.27,-2663
116.41,7.27,61847
116.45,7.28,-2921
116.48,7.28,-1386
116.51,7.28,60820
116.54,7.28,1172
116.57,7.28,-3693
116.60,7.29,-622
116.63,7.29,-2671
116.66,7.29,53135
116.70,7.29,-1393
116.73,7.29,60813
116.76,7.30,-2163
116.79,7.30,55435
116.82,7.30,3211
116.85,7.30,59017
116.88,7.30,-3191
116.92,7.31,61831
116.95,7.31,-1913
116.98,7.31,56709
117.01,7.31,61316
117.04,7.31,2692
117.07,7.32,56962
117.11,7.32,1154
117.14,7.32,129
117.17,7.32,60287
117.20,7.32,4991
117.23,7.33,-2178
117.26,7.33,-3203
117.29,7.33,59003
117.32,7.33,-901
117.36,7.33,890
117.39,7.34,2169
117.42,7.34,-2952
117.45,7.34,-1417
117.48,7.34,-2186
117.52,7.34,57972
117.55,7.35,-3212
117.58,7.35,-397
117.61,7.35,-2958
117.64,7.35,-3471
117.67,7.35,60271
117.70,7.36,-1937
117.74,7.36,-914
117.77,7.36,-1683
117.80,7.36,55403
117.83,7.36,-2453
117.86,7.37,61289
117.89,7.37,61544
117.92,7.37,104
117.96,7.37,-3481
117.99,7.37,60005
118.02,7.37,357
118.05,7.38,-3228
118.08,7.38,355
118.11,7.38,-2462
118.15,7.38,97
118.18,7.38,-2976
118.21,7.39,-1441
118.24,7.39,-1954
118.27,7.39,-3747
118.30,7.39,60507
118.34,7.39,-677
118.37,7.40,-3750
118.40,7.40,60248
118.43,7.40,-936
118.46,7.40,87
118.49,7.40,3158
118.52,7.41,-683
118.55,7.41,3156
118.59,7.41,61522
118.62,7.41,-2478
118.65,7.41,59984
118.68,7.42,848
118.71,7.42,-2993
118.74,7.42,-3250
118.77,7.42,61516
118.81,7.42,1612
118.84,7.43,-1717
118.87,7.43,-182
118.90,7.43,-2743
118.93,7.43,-2488
118.96,7.43,-441
119.00,7.44,-442
119.03,7.44,57668
119.06,7.44,59459
119.09,7.44,-3773
119.12,7.44,-1470
119.15,7.45,61760
119.18,7.45,58431
119.22,7.45,58686
119.25,7.45,-3010
119.28,7.45,2877
119.31,7.46,54075
119.34,7.46,1083
119.37,7.46,59193
119.40,7.46,60216
119.43,7.46,57143
119.47,7.47,-1993
119.50,7.47,55349
119.53,7.47,4405
119.56,7.47,59443
119.59,7.47,58930
119.62,7.48,57393
119.65,7.48,-3791
119.69,7.48,-2512
119.72,7.48,58414
119.75,7.48,-722
119.78,7.48,-3027
119.81,7.49,59947
119.84,7.49,-2005
119.87,7.49,298
119.90,7.49,57128
119.93,7.49,-2264
119.97,7.50,56614
120.00,7.50,61477
120.03,7.50,60964
120.06,7.50,58915
120.09,7.50,57378
120.12,7.51,61729
120.15,7.51,-3295
120.19,7.51,-2272
120.22,7.51,56094
120.25,7.51,-3554
120.28,7.52,59420
120.31,7.52,-2020
120.34,7.52,539
120.38,7.52,-3814
120.41,7.52,61464
120.44,7.53,58135
120.50,7.53,59158
120.52,7.53,57621
120.55,7.53,57620
120.58,7.54,61715
120.61,7.54,61714
120.64,7.54,60689
120.68,7.54,58896
120.71,7.54,-1264
120.74,7.54,57614
120.77,7.55,57357
120.80,7.55,3341
120.84,7.55,60683
120.87,7.55,11
120.90,7.55,53257
120.93,7.56,59912
120.96,7.56,8
120.99,7.56,2055
121.03,7.56,-3834
121.06,7.56,2821
121.09,7.57,4
121.12,7.57,61186
121.15,7.57,61185
121.18,7.57,57600
121.21,7.57,-2816
121.24,7.58,-2305
121.28,7.58,510
121.31,7.58,253
121.34,7.58,3580
121.37,7.58,54266
121.40,7.59,-2054
121.43,7.59,57080
121.47,7.59,-1032
121.50,7.59,-2569
121.53,7.59,60661
121.56,7.60,-267
121.59,7.60,-2060
121.63,7.60,57842
121.66,7.60,56305
121.69,7.60,-2319
121.72,7.61,-3856
121.75,7.61,1775
121.78,7.61,-2322
121.81,7.61,57836
121.84,7.61,-3348
121.88,7.62,2795
121.91,7.62,59369
121.94,7.62,61416
121.97,7.62,-2072
122.00,7.62,-2585
122.03,7.63,56037
122.07,7.63,60132
122.10,7.63,60899
122.13,7.63,60130
122.16,7.63,-1054
122.19,7.64,59872
122.22,7.64,-3104
122.25,7.64,479
122.28,7.64,58845
122.32,7.64,3293
122.35,7.65,58331
122.38,7.65,-1317
122.41,7.65,56537
122.44,7.65,-3879
122.47,7.65,-2856
122.50,7.66,-809
122.54,7.66,58837
122.57,7.66,-555
122.60,7.66,-556
122.63,7.66,-3629
122.66,7.67,-558
122.70,7.67,59856
122.73,7.67,61391
122.76,7.67,-2097
122.79,7.67,-1074
122.82,7.67,-819
122.85,7.68,1484
122.88,7.68,59850
122.92,7.68,59337
122.95,7.68,713
122.98,7.68,-1336
123.01,7.69,-57
123.04,7.69,-3898
123.07,7.69,60868
123.10,7.69,57795
123.14,7.69,-1085
123.17,7.70,54721
123.20,7.70,193
123.23,7.70,61119
123.26,7.70,60606
123.29,7.70,-3138
123.33,7.71,-2883
123.36,7.71,-1092
123.39,7.71,-2117
123.42,7.71,-1350
123.45,7.71,-3911
123.49,7.72,59063
123.51,7.72,-1865
123.55,7.72,58805
123.58,7.72,60084
123.61,7.72,-1100
123.64,7.73,-3917
123.67,7.73,59313
123.70,7.73,-2383
123.73,7.73,60847
123.76,7.73,60590
123.79,7.74,-3666
123.83,7.74,-2131
123.86,7.74,58027
123.89,7.74,60842
123.92,7.74,57513
123.95,7.75,-3159
123.98,7.75,-1368
124.02,7.75,60582
124.05,7.75,2470
124.08,7.75,2469
124.11,7.76,59555
124.14,7.76,-2397
124.17,7.76,930
124.20,7.76,-1631
124.24,7.76,-3936
124.27,7.77,-3681
124.30,7.77,59037
124.33,7.77,-355
124.36,7.77,59803
124.39,7.77,-3173
124.42,7.78,-3942
124.46,7.78,-2151
124.49,7.78,-2152
124.52,7.78,55702
124.55,7.78,60821
124.58,7.79,54420
124.61,7.79,60563
124.65,7.79,4243
124.68,7.79,61585
124.71,7.79,59280
124.74,7.79,57231
124.77,7.80,61070
